
===========================================================================
report_checks -unconstrained
===========================================================================
======================= Fastest Corner ===================================

Startpoint: reset (input port clocked by clk)
Endpoint: _13325_ (recovery check against rising-edge clock clk)
Path Group: asynchronous
Path Type: max
Corner: Fastest

Fanout     Cap    Slew   Delay    Time   Description
-----------------------------------------------------------------------------
                          0.00    0.00   clock clk (rise edge)
                          0.00    0.00   clock network delay (propagated)
                          4.00    4.00 v input external delay
                  0.07    0.05    4.05 v reset (in)
     5    0.05                           reset (net)
                  0.07    0.00    4.05 v _11871_/A (sky130_fd_sc_hd__buf_4)
                  0.07    0.16    4.21 v _11871_/X (sky130_fd_sc_hd__buf_4)
    10    0.06                           _05898_ (net)
                  0.07    0.00    4.21 v _12203_/A (sky130_fd_sc_hd__inv_2)
                  0.03    0.05    4.26 ^ _12203_/Y (sky130_fd_sc_hd__inv_2)
     1    0.00                           _00002_ (net)
                  0.03    0.00    4.26 ^ _13325_/RESET_B (sky130_fd_sc_hd__dfrtp_4)
                                  4.26   data arrival time

                         20.00   20.00   clock clk (rise edge)
                          0.00   20.00   clock source latency
                  0.26    0.17   20.17 ^ clk (in)
     2    0.08                           clk (net)
                  0.26    0.00   20.17 ^ clkbuf_0_clk/A (sky130_fd_sc_hd__clkbuf_16)
                  0.24    0.26   20.44 ^ clkbuf_0_clk/X (sky130_fd_sc_hd__clkbuf_16)
    16    0.31                           clknet_0_clk (net)
                  0.24    0.00   20.44 ^ clkbuf_4_12_0_clk/A (sky130_fd_sc_hd__clkbuf_8)
                  0.13    0.19   20.63 ^ clkbuf_4_12_0_clk/X (sky130_fd_sc_hd__clkbuf_8)
     7    0.09                           clknet_4_12_0_clk (net)
                  0.13    0.00   20.63 ^ _13325_/CLK (sky130_fd_sc_hd__dfrtp_4)
                         -0.25   20.38   clock uncertainty
                          0.00   20.38   clock reconvergence pessimism
                          0.15   20.53   library recovery time
                                 20.53   data required time
-----------------------------------------------------------------------------
                                 20.53   data required time
                                 -4.26   data arrival time
-----------------------------------------------------------------------------
                                 16.27   slack (MET)


Startpoint: Instr[20] (input port clocked by clk)
Endpoint: DataAdr[0] (output port clocked by clk)
Path Group: clk
Path Type: max
Corner: Fastest

Fanout     Cap    Slew   Delay    Time   Description
-----------------------------------------------------------------------------
                          0.00    0.00   clock clk (rise edge)
                          0.00    0.00   clock network delay (propagated)
                          4.00    4.00 ^ input external delay
                  0.30    0.22    4.22 ^ Instr[20] (in)
     7    0.09                           Instr[20] (net)
                  0.30    0.00    4.22 ^ _06171_/A (sky130_fd_sc_hd__clkbuf_4)
                  0.12    0.21    4.44 ^ _06171_/X (sky130_fd_sc_hd__clkbuf_4)
    10    0.05                           _01095_ (net)
                  0.12    0.00    4.44 ^ _06172_/A (sky130_fd_sc_hd__buf_4)
                  0.17    0.20    4.64 ^ _06172_/X (sky130_fd_sc_hd__buf_4)
    10    0.08                           _01096_ (net)
                  0.17    0.01    4.65 ^ _06173_/A (sky130_fd_sc_hd__buf_6)
                  0.25    0.25    4.89 ^ _06173_/X (sky130_fd_sc_hd__buf_6)
    12    0.17                           _01097_ (net)
                  0.25    0.02    4.91 ^ _06174_/A (sky130_fd_sc_hd__clkbuf_8)
                  0.13    0.21    5.11 ^ _06174_/X (sky130_fd_sc_hd__clkbuf_8)
    10    0.10                           _01098_ (net)
                  0.13    0.01    5.12 ^ _06175_/A (sky130_fd_sc_hd__clkbuf_8)
                  0.15    0.20    5.32 ^ _06175_/X (sky130_fd_sc_hd__clkbuf_8)
    10    0.11                           _01099_ (net)
                  0.15    0.01    5.33 ^ _06176_/A (sky130_fd_sc_hd__clkbuf_8)
                  0.12    0.18    5.51 ^ _06176_/X (sky130_fd_sc_hd__clkbuf_8)
    10    0.09                           _01100_ (net)
                  0.12    0.00    5.51 ^ _09180_/S0 (sky130_fd_sc_hd__mux4_1)
                  0.07    0.29    5.81 v _09180_/X (sky130_fd_sc_hd__mux4_1)
     1    0.00                           _04100_ (net)
                  0.07    0.00    5.81 v _09182_/A0 (sky130_fd_sc_hd__mux2_1)
                  0.04    0.16    5.97 v _09182_/X (sky130_fd_sc_hd__mux2_1)
     1    0.00                           _04102_ (net)
                  0.04    0.00    5.97 v _09189_/A1 (sky130_fd_sc_hd__a211o_1)
                  0.04    0.18    6.14 v _09189_/X (sky130_fd_sc_hd__a211o_1)
     1    0.01                           _04109_ (net)
                  0.04    0.00    6.14 v _09190_/B1 (sky130_fd_sc_hd__o311a_4)
                  0.10    0.13    6.28 v _09190_/X (sky130_fd_sc_hd__o311a_4)
     2    0.06                           WriteData[31] (net)
                  0.10    0.00    6.28 v _09191_/A2 (sky130_fd_sc_hd__a21o_1)
                  0.04    0.16    6.44 v _09191_/X (sky130_fd_sc_hd__a21o_1)
     3    0.01                           _04110_ (net)
                  0.04    0.00    6.44 v _09192_/D (sky130_fd_sc_hd__and4_1)
                  0.04    0.15    6.59 v _09192_/X (sky130_fd_sc_hd__and4_1)
     2    0.01                           _04111_ (net)
                  0.04    0.00    6.59 v _09195_/A1 (sky130_fd_sc_hd__o21a_1)
                  0.07    0.17    6.75 v _09195_/X (sky130_fd_sc_hd__o21a_1)
     2    0.02                           _04114_ (net)
                  0.07    0.00    6.75 v _09197_/A (sky130_fd_sc_hd__nor2_2)
                  0.21    0.20    6.96 ^ _09197_/Y (sky130_fd_sc_hd__nor2_2)
     3    0.03                           _04116_ (net)
                  0.21    0.00    6.96 ^ _09199_/A3 (sky130_fd_sc_hd__a31oi_4)
                  0.08    0.08    7.04 v _09199_/Y (sky130_fd_sc_hd__a31oi_4)
     2    0.02                           _04118_ (net)
                  0.08    0.00    7.04 v _09211_/A1 (sky130_fd_sc_hd__a21oi_4)
                  0.25    0.24    7.29 ^ _09211_/Y (sky130_fd_sc_hd__a21oi_4)
     2    0.04                           _04130_ (net)
                  0.25    0.00    7.29 ^ _09518_/A (sky130_fd_sc_hd__inv_2)
                  0.10    0.09    7.38 v _09518_/Y (sky130_fd_sc_hd__inv_2)
     1    0.04                           DataAdr[0] (net)
                  0.10    0.00    7.38 v DataAdr[0] (out)
                                  7.38   data arrival time

                         20.00   20.00   clock clk (rise edge)
                          0.00   20.00   clock network delay (propagated)
                         -0.25   19.75   clock uncertainty
                          0.00   19.75   clock reconvergence pessimism
                         -4.00   15.75   output external delay
                                 15.75   data required time
-----------------------------------------------------------------------------
                                 15.75   data required time
                                 -7.38   data arrival time
-----------------------------------------------------------------------------
                                  8.37   slack (MET)



======================= Slowest Corner ===================================

Startpoint: reset (input port clocked by clk)
Endpoint: _13325_ (recovery check against rising-edge clock clk)
Path Group: asynchronous
Path Type: max
Corner: Slowest

Fanout     Cap    Slew   Delay    Time   Description
-----------------------------------------------------------------------------
                          0.00    0.00   clock clk (rise edge)
                          0.00    0.00   clock network delay (propagated)
                          4.00    4.00 v input external delay
                  0.20    0.15    4.15 v reset (in)
     5    0.05                           reset (net)
                  0.20    0.00    4.15 v _11871_/A (sky130_fd_sc_hd__buf_4)
                  0.16    0.44    4.58 v _11871_/X (sky130_fd_sc_hd__buf_4)
    10    0.06                           _05898_ (net)
                  0.16    0.00    4.59 v _12203_/A (sky130_fd_sc_hd__inv_2)
                  0.06    0.11    4.70 ^ _12203_/Y (sky130_fd_sc_hd__inv_2)
     1    0.00                           _00002_ (net)
                  0.06    0.00    4.70 ^ _13325_/RESET_B (sky130_fd_sc_hd__dfrtp_4)
                                  4.70   data arrival time

                         20.00   20.00   clock clk (rise edge)
                          0.00   20.00   clock source latency
                  0.56    0.37   20.37 ^ clk (in)
     2    0.08                           clk (net)
                  0.56    0.00   20.37 ^ clkbuf_0_clk/A (sky130_fd_sc_hd__clkbuf_16)
                  0.47    0.70   21.07 ^ clkbuf_0_clk/X (sky130_fd_sc_hd__clkbuf_16)
    16    0.31                           clknet_0_clk (net)
                  0.47    0.00   21.08 ^ clkbuf_4_12_0_clk/A (sky130_fd_sc_hd__clkbuf_8)
                  0.26    0.52   21.60 ^ clkbuf_4_12_0_clk/X (sky130_fd_sc_hd__clkbuf_8)
     7    0.09                           clknet_4_12_0_clk (net)
                  0.26    0.00   21.60 ^ _13325_/CLK (sky130_fd_sc_hd__dfrtp_4)
                         -0.25   21.35   clock uncertainty
                          0.00   21.35   clock reconvergence pessimism
                          0.51   21.86   library recovery time
                                 21.86   data required time
-----------------------------------------------------------------------------
                                 21.86   data required time
                                 -4.70   data arrival time
-----------------------------------------------------------------------------
                                 17.16   slack (MET)


Startpoint: Instr[21] (input port clocked by clk)
Endpoint: DataAdr[0] (output port clocked by clk)
Path Group: clk
Path Type: max
Corner: Slowest

Fanout     Cap    Slew   Delay    Time   Description
-----------------------------------------------------------------------------
                          0.00    0.00   clock clk (rise edge)
                          0.00    0.00   clock network delay (propagated)
                          4.00    4.00 ^ input external delay
                  0.91    0.68    4.68 ^ Instr[21] (in)
     9    0.13                           Instr[21] (net)
                  0.91    0.00    4.68 ^ _06179_/A (sky130_fd_sc_hd__buf_4)
                  0.33    0.74    5.42 ^ _06179_/X (sky130_fd_sc_hd__buf_4)
    10    0.07                           _01103_ (net)
                  0.33    0.00    5.42 ^ _06609_/A (sky130_fd_sc_hd__clkbuf_8)
                  0.36    0.60    6.02 ^ _06609_/X (sky130_fd_sc_hd__clkbuf_8)
    10    0.13                           _01530_ (net)
                  0.36    0.00    6.02 ^ _06610_/A (sky130_fd_sc_hd__buf_6)
                  0.50    0.64    6.66 ^ _06610_/X (sky130_fd_sc_hd__buf_6)
    14    0.16                           _01531_ (net)
                  0.50    0.01    6.67 ^ _08919_/A (sky130_fd_sc_hd__clkbuf_4)
                  0.31    0.65    7.32 ^ _08919_/X (sky130_fd_sc_hd__clkbuf_4)
    10    0.06                           _03840_ (net)
                  0.31    0.00    7.32 ^ _08929_/B1 (sky130_fd_sc_hd__o21ai_1)
                  0.13    0.23    7.56 v _08929_/Y (sky130_fd_sc_hd__o21ai_1)
     1    0.00                           _03850_ (net)
                  0.13    0.00    7.56 v _08932_/A2 (sky130_fd_sc_hd__o211ai_1)
                  0.32    0.37    7.92 ^ _08932_/Y (sky130_fd_sc_hd__o211ai_1)
     1    0.01                           _03853_ (net)
                  0.32    0.00    7.92 ^ _08933_/B1 (sky130_fd_sc_hd__o211ai_1)
                  0.19    0.31    8.23 v _08933_/Y (sky130_fd_sc_hd__o211ai_1)
     1    0.00                           _03854_ (net)
                  0.19    0.00    8.23 v _08934_/B (sky130_fd_sc_hd__nand3_1)
                  0.28    0.33    8.57 ^ _08934_/Y (sky130_fd_sc_hd__nand3_1)
     1    0.01                           _03855_ (net)
                  0.28    0.00    8.57 ^ _08958_/B1 (sky130_fd_sc_hd__o211a_4)
                  0.47    0.76    9.33 ^ _08958_/X (sky130_fd_sc_hd__o211a_4)
     2    0.10                           WriteData[25] (net)
                  0.47    0.00    9.33 ^ _08959_/B (sky130_fd_sc_hd__nand2_1)
                  0.18    0.32    9.66 v _08959_/Y (sky130_fd_sc_hd__nand2_1)
     3    0.01                           _03879_ (net)
                  0.18    0.00    9.66 v _08961_/C (sky130_fd_sc_hd__and3_1)
                  0.14    0.51   10.17 v _08961_/X (sky130_fd_sc_hd__and3_1)
     3    0.01                           _03881_ (net)
                  0.14    0.00   10.17 v _08989_/C (sky130_fd_sc_hd__or3_2)
                  0.21    1.14   11.31 v _08989_/X (sky130_fd_sc_hd__or3_2)
     4    0.01                           _03909_ (net)
                  0.21    0.00   11.31 v _09137_/A1 (sky130_fd_sc_hd__a21boi_1)
                  0.37    0.43   11.74 ^ _09137_/Y (sky130_fd_sc_hd__a21boi_1)
     2    0.01                           _04057_ (net)
                  0.37    0.00   11.74 ^ _09138_/B2 (sky130_fd_sc_hd__a221o_1)
                  0.21    0.51   12.24 ^ _09138_/X (sky130_fd_sc_hd__a221o_1)
     1    0.01                           _04058_ (net)
                  0.21    0.00   12.24 ^ _09139_/B1 (sky130_fd_sc_hd__a31oi_4)
                  0.30    0.17   12.42 v _09139_/Y (sky130_fd_sc_hd__a31oi_4)
     5    0.03                           _04059_ (net)
                  0.30    0.00   12.42 v _09140_/B2 (sky130_fd_sc_hd__o22ai_4)
                  0.34    0.37   12.79 ^ _09140_/Y (sky130_fd_sc_hd__o22ai_4)
     2    0.02                           _04060_ (net)
                  0.34    0.00   12.79 ^ _09143_/A (sky130_fd_sc_hd__nand2_4)
                  0.17    0.27   13.05 v _09143_/Y (sky130_fd_sc_hd__nand2_4)
     4    0.03                           _04063_ (net)
                  0.17    0.00   13.05 v _09200_/A2_N (sky130_fd_sc_hd__o2bb2ai_4)
                  0.14    0.32   13.37 v _09200_/Y (sky130_fd_sc_hd__o2bb2ai_4)
     2    0.02                           _04119_ (net)
                  0.14    0.00   13.37 v _09211_/A2 (sky130_fd_sc_hd__a21oi_4)
                  0.53    0.58   13.95 ^ _09211_/Y (sky130_fd_sc_hd__a21oi_4)
     2    0.04                           _04130_ (net)
                  0.53    0.00   13.95 ^ _09518_/A (sky130_fd_sc_hd__inv_2)
                  0.21    0.37   14.32 v _09518_/Y (sky130_fd_sc_hd__inv_2)
     1    0.04                           DataAdr[0] (net)
                  0.21    0.00   14.32 v DataAdr[0] (out)
                                 14.32   data arrival time

                         20.00   20.00   clock clk (rise edge)
                          0.00   20.00   clock network delay (propagated)
                         -0.25   19.75   clock uncertainty
                          0.00   19.75   clock reconvergence pessimism
                         -4.00   15.75   output external delay
                                 15.75   data required time
-----------------------------------------------------------------------------
                                 15.75   data required time
                                -14.32   data arrival time
-----------------------------------------------------------------------------
                                  1.43   slack (MET)



======================= Typical Corner ===================================

Startpoint: reset (input port clocked by clk)
Endpoint: _13325_ (recovery check against rising-edge clock clk)
Path Group: asynchronous
Path Type: max
Corner: Typical

Fanout     Cap    Slew   Delay    Time   Description
-----------------------------------------------------------------------------
                          0.00    0.00   clock clk (rise edge)
                          0.00    0.00   clock network delay (propagated)
                          4.00    4.00 v input external delay
                  0.10    0.08    4.08 v reset (in)
     5    0.05                           reset (net)
                  0.10    0.00    4.08 v _11871_/A (sky130_fd_sc_hd__buf_4)
                  0.09    0.23    4.31 v _11871_/X (sky130_fd_sc_hd__buf_4)
    10    0.06                           _05898_ (net)
                  0.09    0.00    4.31 v _12203_/A (sky130_fd_sc_hd__inv_2)
                  0.04    0.06    4.38 ^ _12203_/Y (sky130_fd_sc_hd__inv_2)
     1    0.00                           _00002_ (net)
                  0.04    0.00    4.38 ^ _13325_/RESET_B (sky130_fd_sc_hd__dfrtp_4)
                                  4.38   data arrival time

                         20.00   20.00   clock clk (rise edge)
                          0.00   20.00   clock source latency
                  0.35    0.23   20.23 ^ clk (in)
     2    0.08                           clk (net)
                  0.35    0.00   20.23 ^ clkbuf_0_clk/A (sky130_fd_sc_hd__clkbuf_16)
                  0.31    0.39   20.62 ^ clkbuf_0_clk/X (sky130_fd_sc_hd__clkbuf_16)
    16    0.31                           clknet_0_clk (net)
                  0.31    0.00   20.63 ^ clkbuf_4_12_0_clk/A (sky130_fd_sc_hd__clkbuf_8)
                  0.17    0.29   20.92 ^ clkbuf_4_12_0_clk/X (sky130_fd_sc_hd__clkbuf_8)
     7    0.09                           clknet_4_12_0_clk (net)
                  0.17    0.00   20.92 ^ _13325_/CLK (sky130_fd_sc_hd__dfrtp_4)
                         -0.25   20.67   clock uncertainty
                          0.00   20.67   clock reconvergence pessimism
                          0.26   20.93   library recovery time
                                 20.93   data required time
-----------------------------------------------------------------------------
                                 20.93   data required time
                                 -4.38   data arrival time
-----------------------------------------------------------------------------
                                 16.55   slack (MET)


Startpoint: Instr[21] (input port clocked by clk)
Endpoint: DataAdr[0] (output port clocked by clk)
Path Group: clk
Path Type: max
Corner: Typical

Fanout     Cap    Slew   Delay    Time   Description
-----------------------------------------------------------------------------
                          0.00    0.00   clock clk (rise edge)
                          0.00    0.00   clock network delay (propagated)
                          4.00    4.00 ^ input external delay
                  0.57    0.42    4.42 ^ Instr[21] (in)
     9    0.13                           Instr[21] (net)
                  0.57    0.00    4.42 ^ _06179_/A (sky130_fd_sc_hd__buf_4)
                  0.21    0.36    4.79 ^ _06179_/X (sky130_fd_sc_hd__buf_4)
    10    0.07                           _01103_ (net)
                  0.21    0.00    4.79 ^ _06609_/A (sky130_fd_sc_hd__clkbuf_8)
                  0.23    0.34    5.13 ^ _06609_/X (sky130_fd_sc_hd__clkbuf_8)
    10    0.14                           _01530_ (net)
                  0.23    0.00    5.13 ^ _06610_/A (sky130_fd_sc_hd__buf_6)
                  0.32    0.36    5.49 ^ _06610_/X (sky130_fd_sc_hd__buf_6)
    14    0.16                           _01531_ (net)
                  0.32    0.01    5.50 ^ _08919_/A (sky130_fd_sc_hd__clkbuf_4)
                  0.20    0.35    5.85 ^ _08919_/X (sky130_fd_sc_hd__clkbuf_4)
    10    0.06                           _03840_ (net)
                  0.20    0.00    5.86 ^ _08929_/B1 (sky130_fd_sc_hd__o21ai_1)
                  0.07    0.11    5.96 v _08929_/Y (sky130_fd_sc_hd__o21ai_1)
     1    0.00                           _03850_ (net)
                  0.07    0.00    5.96 v _08932_/A2 (sky130_fd_sc_hd__o211ai_1)
                  0.19    0.21    6.17 ^ _08932_/Y (sky130_fd_sc_hd__o211ai_1)
     1    0.01                           _03853_ (net)
                  0.19    0.00    6.17 ^ _08933_/B1 (sky130_fd_sc_hd__o211ai_1)
                  0.09    0.13    6.30 v _08933_/Y (sky130_fd_sc_hd__o211ai_1)
     1    0.00                           _03854_ (net)
                  0.09    0.00    6.30 v _08934_/B (sky130_fd_sc_hd__nand3_1)
                  0.17    0.19    6.49 ^ _08934_/Y (sky130_fd_sc_hd__nand3_1)
     1    0.01                           _03855_ (net)
                  0.17    0.00    6.49 ^ _08958_/B1 (sky130_fd_sc_hd__o211a_4)
                  0.30    0.40    6.89 ^ _08958_/X (sky130_fd_sc_hd__o211a_4)
     2    0.10                           WriteData[25] (net)
                  0.30    0.00    6.89 ^ _08959_/B (sky130_fd_sc_hd__nand2_1)
                  0.10    0.14    7.04 v _08959_/Y (sky130_fd_sc_hd__nand2_1)
     3    0.01                           _03879_ (net)
                  0.10    0.00    7.04 v _08961_/C (sky130_fd_sc_hd__and3_1)
                  0.07    0.25    7.29 v _08961_/X (sky130_fd_sc_hd__and3_1)
     3    0.01                           _03881_ (net)
                  0.07    0.00    7.29 v _08989_/C (sky130_fd_sc_hd__or3_2)
                  0.10    0.48    7.77 v _08989_/X (sky130_fd_sc_hd__or3_2)
     4    0.01                           _03909_ (net)
                  0.10    0.00    7.77 v _09137_/A1 (sky130_fd_sc_hd__a21boi_1)
                  0.23    0.24    8.00 ^ _09137_/Y (sky130_fd_sc_hd__a21boi_1)
     2    0.01                           _04057_ (net)
                  0.23    0.00    8.00 ^ _09138_/B2 (sky130_fd_sc_hd__a221o_1)
                  0.13    0.25    8.26 ^ _09138_/X (sky130_fd_sc_hd__a221o_1)
     1    0.01                           _04058_ (net)
                  0.13    0.00    8.26 ^ _09139_/B1 (sky130_fd_sc_hd__a31oi_4)
                  0.16    0.09    8.35 v _09139_/Y (sky130_fd_sc_hd__a31oi_4)
     5    0.03                           _04059_ (net)
                  0.16    0.00    8.35 v _09140_/B2 (sky130_fd_sc_hd__o22ai_4)
                  0.21    0.21    8.55 ^ _09140_/Y (sky130_fd_sc_hd__o22ai_4)
     2    0.02                           _04060_ (net)
                  0.21    0.00    8.55 ^ _09143_/A (sky130_fd_sc_hd__nand2_4)
                  0.10    0.12    8.68 v _09143_/Y (sky130_fd_sc_hd__nand2_4)
     4    0.03                           _04063_ (net)
                  0.10    0.00    8.68 v _09200_/A2_N (sky130_fd_sc_hd__o2bb2ai_4)
                  0.08    0.17    8.85 v _09200_/Y (sky130_fd_sc_hd__o2bb2ai_4)
     2    0.02                           _04119_ (net)
                  0.08    0.00    8.85 v _09211_/A2 (sky130_fd_sc_hd__a21oi_4)
                  0.34    0.35    9.20 ^ _09211_/Y (sky130_fd_sc_hd__a21oi_4)
     2    0.04                           _04130_ (net)
                  0.34    0.00    9.20 ^ _09518_/A (sky130_fd_sc_hd__inv_2)
                  0.14    0.18    9.38 v _09518_/Y (sky130_fd_sc_hd__inv_2)
     1    0.04                           DataAdr[0] (net)
                  0.14    0.00    9.38 v DataAdr[0] (out)
                                  9.38   data arrival time

                         20.00   20.00   clock clk (rise edge)
                          0.00   20.00   clock network delay (propagated)
                         -0.25   19.75   clock uncertainty
                          0.00   19.75   clock reconvergence pessimism
                         -4.00   15.75   output external delay
                                 15.75   data required time
-----------------------------------------------------------------------------
                                 15.75   data required time
                                 -9.38   data arrival time
-----------------------------------------------------------------------------
                                  6.37   slack (MET)




===========================================================================
report_checks --slack_max -0.01
============================================================================
======================= Fastest Corner ===================================

No paths found.

======================= Slowest Corner ===================================

No paths found.

======================= Typical Corner ===================================

No paths found.


===========================================================================
 report_check_types -max_slew -max_cap -max_fanout -violators
============================================================================
======================= Fastest Corner ===================================

max fanout

Pin                                   Limit Fanout  Slack
---------------------------------------------------------
_06774_/X                                10     17     -7 (VIOLATED)
_06859_/X                                10     17     -7 (VIOLATED)
_06324_/X                                10     16     -6 (VIOLATED)
_06646_/X                                10     16     -6 (VIOLATED)
clkbuf_0_clk/X                           10     16     -6 (VIOLATED)
_06592_/X                                10     15     -5 (VIOLATED)
_06754_/X                                10     15     -5 (VIOLATED)
_10260_/X                                10     15     -5 (VIOLATED)
_10665_/X                                10     15     -5 (VIOLATED)
_06597_/X                                10     14     -4 (VIOLATED)
_06610_/X                                10     14     -4 (VIOLATED)
_06682_/X                                10     14     -4 (VIOLATED)
_06737_/X                                10     14     -4 (VIOLATED)
_10367_/X                                10     14     -4 (VIOLATED)
_10405_/X                                10     14     -4 (VIOLATED)
clkbuf_leaf_115_clk/X                    10     14     -4 (VIOLATED)
clkbuf_leaf_141_clk/X                    10     14     -4 (VIOLATED)
clkbuf_leaf_48_clk/X                     10     14     -4 (VIOLATED)
_06224_/X                                10     13     -3 (VIOLATED)
_06332_/X                                10     13     -3 (VIOLATED)
_06505_/X                                10     13     -3 (VIOLATED)
_06578_/X                                10     13     -3 (VIOLATED)
_06599_/X                                10     13     -3 (VIOLATED)
_06842_/X                                10     13     -3 (VIOLATED)
_07084_/X                                10     13     -3 (VIOLATED)
_07367_/X                                10     13     -3 (VIOLATED)
_09534_/Y                                10     13     -3 (VIOLATED)
_10216_/X                                10     13     -3 (VIOLATED)
_12029_/X                                10     13     -3 (VIOLATED)
clkbuf_4_9_0_clk/X                       10     13     -3 (VIOLATED)
clkbuf_leaf_114_clk/X                    10     13     -3 (VIOLATED)
clkbuf_leaf_140_clk/X                    10     13     -3 (VIOLATED)
clkbuf_leaf_142_clk/X                    10     13     -3 (VIOLATED)
clkbuf_leaf_143_clk/X                    10     13     -3 (VIOLATED)
clkbuf_leaf_34_clk/X                     10     13     -3 (VIOLATED)
clkbuf_leaf_36_clk/X                     10     13     -3 (VIOLATED)
clkbuf_leaf_52_clk/X                     10     13     -3 (VIOLATED)
ReadData[0]                              10     12     -2 (VIOLATED)
_06173_/X                                10     12     -2 (VIOLATED)
_06292_/X                                10     12     -2 (VIOLATED)
_06512_/X                                10     12     -2 (VIOLATED)
_06516_/X                                10     12     -2 (VIOLATED)
_06674_/X                                10     12     -2 (VIOLATED)
_06684_/X                                10     12     -2 (VIOLATED)
_06690_/X                                10     12     -2 (VIOLATED)
_06739_/X                                10     12     -2 (VIOLATED)
_06786_/X                                10     12     -2 (VIOLATED)
_06805_/X                                10     12     -2 (VIOLATED)
_06907_/X                                10     12     -2 (VIOLATED)
_06941_/X                                10     12     -2 (VIOLATED)
_06956_/X                                10     12     -2 (VIOLATED)
_07109_/X                                10     12     -2 (VIOLATED)
_10025_/X                                10     12     -2 (VIOLATED)
_11069_/X                                10     12     -2 (VIOLATED)
_11128_/X                                10     12     -2 (VIOLATED)
_11621_/X                                10     12     -2 (VIOLATED)
clkbuf_leaf_101_clk/X                    10     12     -2 (VIOLATED)
clkbuf_leaf_2_clk/X                      10     12     -2 (VIOLATED)
clkbuf_leaf_67_clk/X                     10     12     -2 (VIOLATED)
Instr[8]                                 10     11        (VIOLATED)
ReadData[5]                              10     11        (VIOLATED)
_06295_/X                                10     11        (VIOLATED)
_06387_/X                                10     11        (VIOLATED)
_06413_/X                                10     11        (VIOLATED)
_06499_/X                                10     11        (VIOLATED)
_06501_/X                                10     11        (VIOLATED)
_06506_/X                                10     11        (VIOLATED)
_06566_/X                                10     11        (VIOLATED)
_06571_/X                                10     11        (VIOLATED)
_06572_/X                                10     11        (VIOLATED)
_06618_/X                                10     11        (VIOLATED)
_06624_/X                                10     11        (VIOLATED)
_06637_/X                                10     11        (VIOLATED)
_06699_/X                                10     11        (VIOLATED)
_06778_/X                                10     11        (VIOLATED)
_06790_/X                                10     11        (VIOLATED)
_06823_/X                                10     11        (VIOLATED)
_06848_/X                                10     11        (VIOLATED)
_06856_/X                                10     11        (VIOLATED)
_06887_/X                                10     11        (VIOLATED)
_06932_/X                                10     11        (VIOLATED)
_06980_/X                                10     11        (VIOLATED)
_07110_/X                                10     11        (VIOLATED)
_07255_/X                                10     11        (VIOLATED)
_09915_/X                                10     11        (VIOLATED)
_10093_/X                                10     11        (VIOLATED)
_10373_/X                                10     11        (VIOLATED)
_10379_/X                                10     11        (VIOLATED)
_10780_/X                                10     11        (VIOLATED)
_11547_/X                                10     11        (VIOLATED)
_11753_/X                                10     11        (VIOLATED)
_12153_/X                                10     11        (VIOLATED)
clkbuf_4_4_0_clk/X                       10     11        (VIOLATED)
clkbuf_4_7_0_clk/X                       10     11        (VIOLATED)
clkbuf_4_8_0_clk/X                       10     11        (VIOLATED)
clkbuf_leaf_108_clk/X                    10     11        (VIOLATED)
clkbuf_leaf_113_clk/X                    10     11        (VIOLATED)
clkbuf_leaf_116_clk/X                    10     11        (VIOLATED)
clkbuf_leaf_150_clk/X                    10     11        (VIOLATED)
clkbuf_leaf_33_clk/X                     10     11        (VIOLATED)
clkbuf_leaf_37_clk/X                     10     11        (VIOLATED)
clkbuf_leaf_50_clk/X                     10     11        (VIOLATED)
clkbuf_leaf_51_clk/X                     10     11        (VIOLATED)
clkbuf_leaf_57_clk/X                     10     11        (VIOLATED)
clkbuf_leaf_71_clk/X                     10     11        (VIOLATED)


======================= Slowest Corner ===================================

max slew

Pin                                    Limit    Slew   Slack
------------------------------------------------------------
DataAdr[23]                             0.75    1.36   -0.61 (VIOLATED)
_09256_/Y                               0.75    1.36   -0.61 (VIOLATED)
_09257_/A                               0.75    1.36   -0.61 (VIOLATED)
_10052_/B                               0.75    1.36   -0.61 (VIOLATED)
ANTENNA_189/DIODE                       0.75    1.28   -0.53 (VIOLATED)
_09490_/A                               0.75    1.28   -0.53 (VIOLATED)
_07091_/B2                              0.75    1.28   -0.53 (VIOLATED)
_07092_/A                               0.75    1.28   -0.53 (VIOLATED)
_07090_/Y                               0.75    1.28   -0.53 (VIOLATED)
DataAdr[3]                              0.75    1.25   -0.50 (VIOLATED)
_09429_/Y                               0.75    1.25   -0.50 (VIOLATED)
_09442_/A                               0.75    1.25   -0.50 (VIOLATED)
_09928_/A0                              0.75    1.25   -0.50 (VIOLATED)
DataAdr[16]                             0.75    1.24   -0.49 (VIOLATED)
_09413_/Y                               0.75    1.24   -0.49 (VIOLATED)
load_slew1/A                            0.75    1.24   -0.49 (VIOLATED)
_07038_/B                               0.75    1.16   -0.41 (VIOLATED)
_07095_/A2                              0.75    1.16   -0.41 (VIOLATED)
_07021_/Y                               0.75    1.16   -0.41 (VIOLATED)
DataAdr[9]                              0.75    1.15   -0.40 (VIOLATED)
_09419_/Y                               0.75    1.15   -0.40 (VIOLATED)
_09453_/C                               0.75    1.15   -0.40 (VIOLATED)
_09962_/A0                              0.75    1.15   -0.40 (VIOLATED)
DataAdr[18]                             0.75    1.15   -0.40 (VIOLATED)
_09378_/A                               0.75    1.15   -0.40 (VIOLATED)
_10017_/A0                              0.75    1.15   -0.40 (VIOLATED)
_09377_/Y                               0.75    1.15   -0.40 (VIOLATED)
ANTENNA_196/DIODE                       0.75    1.09   -0.34 (VIOLATED)
_09495_/A                               0.75    1.09   -0.34 (VIOLATED)
_08724_/B2                              0.75    1.09   -0.34 (VIOLATED)
_08723_/Y                               0.75    1.09   -0.34 (VIOLATED)
_12337_/A0                              0.75    1.09   -0.34 (VIOLATED)
_10943_/A                               0.75    1.09   -0.34 (VIOLATED)
_10033_/A                               0.75    1.09   -0.34 (VIOLATED)
_11845_/A0                              0.75    1.09   -0.34 (VIOLATED)
_11918_/A0                              0.75    1.09   -0.34 (VIOLATED)
_12271_/A0                              0.75    1.09   -0.34 (VIOLATED)
_12123_/A0                              0.75    1.09   -0.34 (VIOLATED)
_11587_/A                               0.75    1.09   -0.34 (VIOLATED)
_11154_/D_N                             0.75    1.09   -0.34 (VIOLATED)
_10263_/B                               0.75    1.09   -0.34 (VIOLATED)
_10032_/Y                               0.75    1.09   -0.34 (VIOLATED)
ANTENNA_281/DIODE                       0.75    1.08   -0.33 (VIOLATED)
_07395_/B                               0.75    1.08   -0.33 (VIOLATED)
_07545_/B                               0.75    1.08   -0.33 (VIOLATED)
ANTENNA_282/DIODE                       0.75    1.08   -0.33 (VIOLATED)
_07393_/Y                               0.75    1.08   -0.33 (VIOLATED)
ANTENNA_71/DIODE                        0.75    1.06   -0.31 (VIOLATED)
ANTENNA_73/DIODE                        0.75    1.06   -0.31 (VIOLATED)
ANTENNA_75/DIODE                        0.75    1.06   -0.31 (VIOLATED)
_10058_/A1                              0.75    1.06   -0.31 (VIOLATED)
ANTENNA_70/DIODE                        0.75    1.06   -0.31 (VIOLATED)
ANTENNA_72/DIODE                        0.75    1.06   -0.31 (VIOLATED)
ANTENNA_74/DIODE                        0.75    1.06   -0.31 (VIOLATED)
ANTENNA_77/DIODE                        0.75    1.06   -0.31 (VIOLATED)
ANTENNA_76/DIODE                        0.75    1.06   -0.31 (VIOLATED)
ReadData[24]                            0.75    1.06   -0.31 (VIOLATED)
_10048_/A                               0.75    1.05   -0.30 (VIOLATED)
_10783_/A                               0.75    1.05   -0.30 (VIOLATED)
_11850_/A0                              0.75    1.05   -0.30 (VIOLATED)
_12342_/A0                              0.75    1.05   -0.30 (VIOLATED)
_12058_/A0                              0.75    1.05   -0.30 (VIOLATED)
_11923_/A0                              0.75    1.05   -0.30 (VIOLATED)
_11992_/A0                              0.75    1.05   -0.30 (VIOLATED)
_12127_/A0                              0.75    1.05   -0.30 (VIOLATED)
_11591_/A                               0.75    1.05   -0.30 (VIOLATED)
_10565_/C1                              0.75    1.05   -0.30 (VIOLATED)
_10047_/Y                               0.75    1.05   -0.30 (VIOLATED)
_09496_/A                               0.75    1.04   -0.29 (VIOLATED)
_08532_/Y                               0.75    1.04   -0.29 (VIOLATED)
_08533_/A1                              0.75    1.04   -0.29 (VIOLATED)
_08534_/A1                              0.75    1.04   -0.29 (VIOLATED)
_09967_/A1                              0.75    1.03   -0.28 (VIOLATED)
ANTENNA_49/DIODE                        0.75    1.03   -0.28 (VIOLATED)
ReadData[10]                            0.75    1.03   -0.28 (VIOLATED)
ANTENNA_278/DIODE                       0.75    0.99   -0.24 (VIOLATED)
_09492_/A                               0.75    0.99   -0.24 (VIOLATED)
_07229_/Y                               0.75    0.99   -0.24 (VIOLATED)
_07230_/B2                              0.75    0.99   -0.24 (VIOLATED)
_08840_/A1                              0.75    0.99   -0.24 (VIOLATED)
ANTENNA_58/DIODE                        0.75    0.96   -0.21 (VIOLATED)
_10005_/A1                              0.75    0.96   -0.21 (VIOLATED)
ReadData[16]                            0.75    0.96   -0.21 (VIOLATED)
_08240_/B1                              0.75    0.95   -0.20 (VIOLATED)
_08239_/Y                               0.75    0.95   -0.20 (VIOLATED)
ANTENNA_46/DIODE                        0.75    0.93   -0.18 (VIOLATED)
ANTENNA_42/DIODE                        0.75    0.93   -0.18 (VIOLATED)
ANTENNA_44/DIODE                        0.75    0.93   -0.18 (VIOLATED)
ANTENNA_40/DIODE                        0.75    0.93   -0.18 (VIOLATED)
ANTENNA_38/DIODE                        0.75    0.93   -0.18 (VIOLATED)
_09887_/A_N                             0.75    0.93   -0.18 (VIOLATED)
ANTENNA_39/DIODE                        0.75    0.93   -0.18 (VIOLATED)
ANTENNA_41/DIODE                        0.75    0.93   -0.18 (VIOLATED)
ANTENNA_43/DIODE                        0.75    0.93   -0.18 (VIOLATED)
ANTENNA_45/DIODE                        0.75    0.93   -0.18 (VIOLATED)
ANTENNA_47/DIODE                        0.75    0.93   -0.18 (VIOLATED)
ANTENNA_48/DIODE                        0.75    0.93   -0.18 (VIOLATED)
ReadData[0]                             0.75    0.93   -0.18 (VIOLATED)
_08123_/A                               0.75    0.93   -0.18 (VIOLATED)
_10213_/B                               0.75    0.92   -0.17 (VIOLATED)
_10516_/A                               0.75    0.92   -0.17 (VIOLATED)
ANTENNA_35/DIODE                        0.75    0.92   -0.17 (VIOLATED)
_10365_/A                               0.75    0.92   -0.17 (VIOLATED)
ANTENNA_34/DIODE                        0.75    0.92   -0.17 (VIOLATED)
_10124_/A                               0.75    0.92   -0.17 (VIOLATED)
ANTENNA_33/DIODE                        0.75    0.92   -0.17 (VIOLATED)
_09900_/B                               0.75    0.92   -0.17 (VIOLATED)
_09913_/A                               0.75    0.92   -0.17 (VIOLATED)
ANTENNA_32/DIODE                        0.75    0.92   -0.17 (VIOLATED)
Instr[8]                                0.75    0.92   -0.17 (VIOLATED)
_11869_/B1                              0.75    0.91   -0.16 (VIOLATED)
_11870_/A2                              0.75    0.91   -0.16 (VIOLATED)
_11802_/B                               0.75    0.91   -0.16 (VIOLATED)
_11803_/A2                              0.75    0.91   -0.16 (VIOLATED)
_11801_/Y                               0.75    0.91   -0.16 (VIOLATED)
DataAdr[12]                             0.75    0.91   -0.16 (VIOLATED)
_06179_/A                               0.75    0.91   -0.16 (VIOLATED)
_06167_/A                               0.75    0.91   -0.16 (VIOLATED)
ANTENNA_26/DIODE                        0.75    0.91   -0.16 (VIOLATED)
_06689_/A                               0.75    0.91   -0.16 (VIOLATED)
ANTENNA_28/DIODE                        0.75    0.91   -0.16 (VIOLATED)
ANTENNA_27/DIODE                        0.75    0.91   -0.16 (VIOLATED)
ANTENNA_247/DIODE                       0.75    0.91   -0.16 (VIOLATED)
_06225_/B                               0.75    0.91   -0.16 (VIOLATED)
_09453_/A                               0.75    0.91   -0.16 (VIOLATED)
_09978_/A0                              0.75    0.91   -0.16 (VIOLATED)
_09409_/Y                               0.75    0.91   -0.16 (VIOLATED)
_06335_/A                               0.75    0.91   -0.16 (VIOLATED)
ANTENNA_25/DIODE                        0.75    0.91   -0.16 (VIOLATED)
_06156_/A                               0.75    0.91   -0.16 (VIOLATED)
_06144_/B                               0.75    0.91   -0.16 (VIOLATED)
_06250_/A                               0.75    0.91   -0.16 (VIOLATED)
_06139_/A                               0.75    0.91   -0.16 (VIOLATED)
_06146_/A                               0.75    0.91   -0.16 (VIOLATED)
Instr[1]                                0.75    0.91   -0.16 (VIOLATED)
Instr[21]                               0.75    0.91   -0.16 (VIOLATED)
_12325_/A0                              0.75    0.91   -0.16 (VIOLATED)
_10930_/A                               0.75    0.91   -0.16 (VIOLATED)
_09995_/A                               0.75    0.91   -0.16 (VIOLATED)
_12042_/A0                              0.75    0.91   -0.16 (VIOLATED)
_12110_/A0                              0.75    0.91   -0.16 (VIOLATED)
_11976_/A0                              0.75    0.91   -0.16 (VIOLATED)
_11906_/A0                              0.75    0.91   -0.16 (VIOLATED)
_11575_/C_N                             0.75    0.91   -0.16 (VIOLATED)
_10849_/D_N                             0.75    0.91   -0.16 (VIOLATED)
_09994_/Y                               0.75    0.91   -0.16 (VIOLATED)
_11990_/A0                              0.75    0.89   -0.14 (VIOLATED)
_11921_/A0                              0.75    0.89   -0.14 (VIOLATED)
_11780_/A0                              0.75    0.89   -0.14 (VIOLATED)
_10040_/A                               0.75    0.89   -0.14 (VIOLATED)
_11848_/A0                              0.75    0.89   -0.14 (VIOLATED)
_12340_/A0                              0.75    0.89   -0.14 (VIOLATED)
_12125_/A0                              0.75    0.89   -0.14 (VIOLATED)
_11716_/A0                              0.75    0.89   -0.14 (VIOLATED)
_10946_/A                               0.75    0.89   -0.14 (VIOLATED)
_12056_/A0                              0.75    0.89   -0.14 (VIOLATED)
_10039_/Y                               0.75    0.89   -0.14 (VIOLATED)
ANTENNA_121/DIODE                       0.75    0.86   -0.11 (VIOLATED)
_07176_/B1                              0.75    0.86   -0.11 (VIOLATED)
ANTENNA_120/DIODE                       0.75    0.86   -0.11 (VIOLATED)
_06532_/B1                              0.75    0.86   -0.11 (VIOLATED)
_07548_/A                               0.75    0.86   -0.11 (VIOLATED)
_07938_/B1                              0.75    0.86   -0.11 (VIOLATED)
_08128_/A1                              0.75    0.86   -0.11 (VIOLATED)
ANTENNA_122/DIODE                       0.75    0.86   -0.11 (VIOLATED)
_08647_/B1                              0.75    0.86   -0.11 (VIOLATED)
_08592_/A                               0.75    0.86   -0.11 (VIOLATED)
_06531_/Y                               0.75    0.86   -0.11 (VIOLATED)
_09762_/A                               0.75    0.86   -0.11 (VIOLATED)
_09751_/A                               0.75    0.86   -0.11 (VIOLATED)
_09753_/A                               0.75    0.86   -0.11 (VIOLATED)
_09645_/A1                              0.75    0.86   -0.11 (VIOLATED)
_06562_/A                               0.75    0.86   -0.11 (VIOLATED)
_06248_/B1                              0.75    0.86   -0.11 (VIOLATED)
_08907_/A2                              0.75    0.86   -0.11 (VIOLATED)
_09059_/A1                              0.75    0.86   -0.11 (VIOLATED)
Instr[31]                               0.75    0.86   -0.11 (VIOLATED)
_11319_/B1                              0.75    0.85   -0.10 (VIOLATED)
_11320_/A2                              0.75    0.85   -0.10 (VIOLATED)
_11251_/Y                               0.75    0.85   -0.10 (VIOLATED)
_11252_/B                               0.75    0.85   -0.10 (VIOLATED)
_11253_/A2                              0.75    0.85   -0.10 (VIOLATED)
_09644_/A1                              0.75    0.84   -0.09 (VIOLATED)
_07992_/B1                              0.75    0.84   -0.09 (VIOLATED)
_10213_/A                               0.75    0.84   -0.09 (VIOLATED)
_10516_/D_N                             0.75    0.84   -0.09 (VIOLATED)
_10365_/C_N                             0.75    0.84   -0.09 (VIOLATED)
_10358_/B_N                             0.75    0.84   -0.09 (VIOLATED)
_09911_/A                               0.75    0.84   -0.09 (VIOLATED)
_09900_/A_N                             0.75    0.84   -0.09 (VIOLATED)
Instr[7]                                0.75    0.84   -0.09 (VIOLATED)
_09504_/B1                              0.75    0.84   -0.09 (VIOLATED)
_08360_/D                               0.75    0.84   -0.09 (VIOLATED)
_08359_/Y                               0.75    0.84   -0.09 (VIOLATED)
_09525_/A                               0.75    0.83   -0.08 (VIOLATED)
_09352_/Y                               0.75    0.83   -0.08 (VIOLATED)
_09358_/C                               0.75    0.83   -0.08 (VIOLATED)
_09984_/B1                              0.75    0.83   -0.08 (VIOLATED)
_10085_/B1_N                            0.75    0.82   -0.07 (VIOLATED)
ANTENNA_207/DIODE                       0.75    0.82   -0.07 (VIOLATED)
_10084_/Y                               0.75    0.82   -0.07 (VIOLATED)
_07395_/A                               0.75    0.81   -0.06 (VIOLATED)
_07545_/A                               0.75    0.81   -0.06 (VIOLATED)
_07380_/Y                               0.75    0.81   -0.06 (VIOLATED)
_06666_/A                               0.75    0.81   -0.06 (VIOLATED)
_06977_/B                               0.75    0.81   -0.06 (VIOLATED)
_06883_/B                               0.75    0.81   -0.06 (VIOLATED)
_06660_/A                               0.75    0.81   -0.06 (VIOLATED)
_08807_/C1                              0.75    0.81   -0.06 (VIOLATED)
_08724_/C1                              0.75    0.81   -0.06 (VIOLATED)
_08810_/B1                              0.75    0.81   -0.06 (VIOLATED)
_06659_/Y                               0.75    0.81   -0.06 (VIOLATED)
_08191_/C1                              0.75    0.81   -0.06 (VIOLATED)
_08308_/C1                              0.75    0.81   -0.06 (VIOLATED)
_07986_/A2                              0.75    0.77   -0.02 (VIOLATED)
_08043_/A                               0.75    0.77   -0.02 (VIOLATED)
_09474_/B                               0.75    0.77   -0.02 (VIOLATED)
_07964_/Y                               0.75    0.77   -0.02 (VIOLATED)
_09919_/A3                              0.75    0.76   -0.01 (VIOLATED)
ANTENNA_83/DIODE                        0.75    0.76   -0.01 (VIOLATED)
ReadData[2]                             0.75    0.76   -0.01 (VIOLATED)
_07743_/A1                              0.75    0.75   -0.00 (VIOLATED)
_07688_/B                               0.75    0.75   -0.00 (VIOLATED)
_09589_/A1                              0.75    0.75   -0.00 (VIOLATED)
_09611_/A1                              0.75    0.75   -0.00 (VIOLATED)
_09587_/A1                              0.75    0.75   -0.00 (VIOLATED)
_09580_/A                               0.75    0.75   -0.00 (VIOLATED)
_09586_/A1                              0.75    0.75   -0.00 (VIOLATED)
_09579_/A                               0.75    0.75   -0.00 (VIOLATED)
Instr[25]                               0.75    0.75   -0.00 (VIOLATED)
ANTENNA_54/DIODE                        0.75    0.75   -0.00 (VIOLATED)
ANTENNA_52/DIODE                        0.75    0.75   -0.00 (VIOLATED)
_09978_/A1                              0.75    0.75   -0.00 (VIOLATED)
ANTENNA_51/DIODE                        0.75    0.75   -0.00 (VIOLATED)
ANTENNA_53/DIODE                        0.75    0.75   -0.00 (VIOLATED)
ANTENNA_55/DIODE                        0.75    0.75   -0.00 (VIOLATED)
ReadData[12]                            0.75    0.75   -0.00 (VIOLATED)

max fanout

Pin                                   Limit Fanout  Slack
---------------------------------------------------------
_06774_/X                                10     17     -7 (VIOLATED)
_06859_/X                                10     17     -7 (VIOLATED)
_06324_/X                                10     16     -6 (VIOLATED)
_06646_/X                                10     16     -6 (VIOLATED)
clkbuf_0_clk/X                           10     16     -6 (VIOLATED)
_06592_/X                                10     15     -5 (VIOLATED)
_06754_/X                                10     15     -5 (VIOLATED)
_10260_/X                                10     15     -5 (VIOLATED)
_10665_/X                                10     15     -5 (VIOLATED)
_06597_/X                                10     14     -4 (VIOLATED)
_06610_/X                                10     14     -4 (VIOLATED)
_06682_/X                                10     14     -4 (VIOLATED)
_06737_/X                                10     14     -4 (VIOLATED)
_10367_/X                                10     14     -4 (VIOLATED)
_10405_/X                                10     14     -4 (VIOLATED)
clkbuf_leaf_115_clk/X                    10     14     -4 (VIOLATED)
clkbuf_leaf_141_clk/X                    10     14     -4 (VIOLATED)
clkbuf_leaf_48_clk/X                     10     14     -4 (VIOLATED)
_06224_/X                                10     13     -3 (VIOLATED)
_06332_/X                                10     13     -3 (VIOLATED)
_06505_/X                                10     13     -3 (VIOLATED)
_06578_/X                                10     13     -3 (VIOLATED)
_06599_/X                                10     13     -3 (VIOLATED)
_06842_/X                                10     13     -3 (VIOLATED)
_07084_/X                                10     13     -3 (VIOLATED)
_07367_/X                                10     13     -3 (VIOLATED)
_09534_/Y                                10     13     -3 (VIOLATED)
_10216_/X                                10     13     -3 (VIOLATED)
_12029_/X                                10     13     -3 (VIOLATED)
clkbuf_4_9_0_clk/X                       10     13     -3 (VIOLATED)
clkbuf_leaf_114_clk/X                    10     13     -3 (VIOLATED)
clkbuf_leaf_140_clk/X                    10     13     -3 (VIOLATED)
clkbuf_leaf_142_clk/X                    10     13     -3 (VIOLATED)
clkbuf_leaf_143_clk/X                    10     13     -3 (VIOLATED)
clkbuf_leaf_34_clk/X                     10     13     -3 (VIOLATED)
clkbuf_leaf_36_clk/X                     10     13     -3 (VIOLATED)
clkbuf_leaf_52_clk/X                     10     13     -3 (VIOLATED)
ReadData[0]                              10     12     -2 (VIOLATED)
_06173_/X                                10     12     -2 (VIOLATED)
_06292_/X                                10     12     -2 (VIOLATED)
_06512_/X                                10     12     -2 (VIOLATED)
_06516_/X                                10     12     -2 (VIOLATED)
_06674_/X                                10     12     -2 (VIOLATED)
_06684_/X                                10     12     -2 (VIOLATED)
_06690_/X                                10     12     -2 (VIOLATED)
_06739_/X                                10     12     -2 (VIOLATED)
_06786_/X                                10     12     -2 (VIOLATED)
_06805_/X                                10     12     -2 (VIOLATED)
_06907_/X                                10     12     -2 (VIOLATED)
_06941_/X                                10     12     -2 (VIOLATED)
_06956_/X                                10     12     -2 (VIOLATED)
_07109_/X                                10     12     -2 (VIOLATED)
_10025_/X                                10     12     -2 (VIOLATED)
_11069_/X                                10     12     -2 (VIOLATED)
_11128_/X                                10     12     -2 (VIOLATED)
_11621_/X                                10     12     -2 (VIOLATED)
clkbuf_leaf_101_clk/X                    10     12     -2 (VIOLATED)
clkbuf_leaf_2_clk/X                      10     12     -2 (VIOLATED)
clkbuf_leaf_67_clk/X                     10     12     -2 (VIOLATED)
Instr[8]                                 10     11        (VIOLATED)
ReadData[5]                              10     11        (VIOLATED)
_06295_/X                                10     11        (VIOLATED)
_06387_/X                                10     11        (VIOLATED)
_06413_/X                                10     11        (VIOLATED)
_06499_/X                                10     11        (VIOLATED)
_06501_/X                                10     11        (VIOLATED)
_06506_/X                                10     11        (VIOLATED)
_06566_/X                                10     11        (VIOLATED)
_06571_/X                                10     11        (VIOLATED)
_06572_/X                                10     11        (VIOLATED)
_06618_/X                                10     11        (VIOLATED)
_06624_/X                                10     11        (VIOLATED)
_06637_/X                                10     11        (VIOLATED)
_06699_/X                                10     11        (VIOLATED)
_06778_/X                                10     11        (VIOLATED)
_06790_/X                                10     11        (VIOLATED)
_06823_/X                                10     11        (VIOLATED)
_06848_/X                                10     11        (VIOLATED)
_06856_/X                                10     11        (VIOLATED)
_06887_/X                                10     11        (VIOLATED)
_06932_/X                                10     11        (VIOLATED)
_06980_/X                                10     11        (VIOLATED)
_07110_/X                                10     11        (VIOLATED)
_07255_/X                                10     11        (VIOLATED)
_09915_/X                                10     11        (VIOLATED)
_10093_/X                                10     11        (VIOLATED)
_10373_/X                                10     11        (VIOLATED)
_10379_/X                                10     11        (VIOLATED)
_10780_/X                                10     11        (VIOLATED)
_11547_/X                                10     11        (VIOLATED)
_11753_/X                                10     11        (VIOLATED)
_12153_/X                                10     11        (VIOLATED)
clkbuf_4_4_0_clk/X                       10     11        (VIOLATED)
clkbuf_4_7_0_clk/X                       10     11        (VIOLATED)
clkbuf_4_8_0_clk/X                       10     11        (VIOLATED)
clkbuf_leaf_108_clk/X                    10     11        (VIOLATED)
clkbuf_leaf_113_clk/X                    10     11        (VIOLATED)
clkbuf_leaf_116_clk/X                    10     11        (VIOLATED)
clkbuf_leaf_150_clk/X                    10     11        (VIOLATED)
clkbuf_leaf_33_clk/X                     10     11        (VIOLATED)
clkbuf_leaf_37_clk/X                     10     11        (VIOLATED)
clkbuf_leaf_50_clk/X                     10     11        (VIOLATED)
clkbuf_leaf_51_clk/X                     10     11        (VIOLATED)
clkbuf_leaf_57_clk/X                     10     11        (VIOLATED)
clkbuf_leaf_71_clk/X                     10     11        (VIOLATED)


======================= Typical Corner ===================================

max slew

Pin                                    Limit    Slew   Slack
------------------------------------------------------------
DataAdr[23]                             0.75    0.85   -0.10 (VIOLATED)
_09257_/A                               0.75    0.85   -0.10 (VIOLATED)
_10052_/B                               0.75    0.85   -0.10 (VIOLATED)
_09256_/Y                               0.75    0.85   -0.10 (VIOLATED)
_09490_/A                               0.75    0.80   -0.05 (VIOLATED)
ANTENNA_189/DIODE                       0.75    0.80   -0.05 (VIOLATED)
_07091_/B2                              0.75    0.80   -0.05 (VIOLATED)
_07092_/A                               0.75    0.80   -0.05 (VIOLATED)
_07090_/Y                               0.75    0.80   -0.05 (VIOLATED)
DataAdr[3]                              0.75    0.79   -0.04 (VIOLATED)
_09429_/Y                               0.75    0.79   -0.04 (VIOLATED)
_09442_/A                               0.75    0.79   -0.04 (VIOLATED)
_09928_/A0                              0.75    0.79   -0.04 (VIOLATED)
DataAdr[16]                             0.75    0.78   -0.03 (VIOLATED)
_09413_/Y                               0.75    0.78   -0.03 (VIOLATED)
load_slew1/A                            0.75    0.78   -0.03 (VIOLATED)

max fanout

Pin                                   Limit Fanout  Slack
---------------------------------------------------------
_06774_/X                                10     17     -7 (VIOLATED)
_06859_/X                                10     17     -7 (VIOLATED)
_06324_/X                                10     16     -6 (VIOLATED)
_06646_/X                                10     16     -6 (VIOLATED)
clkbuf_0_clk/X                           10     16     -6 (VIOLATED)
_06592_/X                                10     15     -5 (VIOLATED)
_06754_/X                                10     15     -5 (VIOLATED)
_10260_/X                                10     15     -5 (VIOLATED)
_10665_/X                                10     15     -5 (VIOLATED)
_06597_/X                                10     14     -4 (VIOLATED)
_06610_/X                                10     14     -4 (VIOLATED)
_06682_/X                                10     14     -4 (VIOLATED)
_06737_/X                                10     14     -4 (VIOLATED)
_10367_/X                                10     14     -4 (VIOLATED)
_10405_/X                                10     14     -4 (VIOLATED)
clkbuf_leaf_115_clk/X                    10     14     -4 (VIOLATED)
clkbuf_leaf_141_clk/X                    10     14     -4 (VIOLATED)
clkbuf_leaf_48_clk/X                     10     14     -4 (VIOLATED)
_06224_/X                                10     13     -3 (VIOLATED)
_06332_/X                                10     13     -3 (VIOLATED)
_06505_/X                                10     13     -3 (VIOLATED)
_06578_/X                                10     13     -3 (VIOLATED)
_06599_/X                                10     13     -3 (VIOLATED)
_06842_/X                                10     13     -3 (VIOLATED)
_07084_/X                                10     13     -3 (VIOLATED)
_07367_/X                                10     13     -3 (VIOLATED)
_09534_/Y                                10     13     -3 (VIOLATED)
_10216_/X                                10     13     -3 (VIOLATED)
_12029_/X                                10     13     -3 (VIOLATED)
clkbuf_4_9_0_clk/X                       10     13     -3 (VIOLATED)
clkbuf_leaf_114_clk/X                    10     13     -3 (VIOLATED)
clkbuf_leaf_140_clk/X                    10     13     -3 (VIOLATED)
clkbuf_leaf_142_clk/X                    10     13     -3 (VIOLATED)
clkbuf_leaf_143_clk/X                    10     13     -3 (VIOLATED)
clkbuf_leaf_34_clk/X                     10     13     -3 (VIOLATED)
clkbuf_leaf_36_clk/X                     10     13     -3 (VIOLATED)
clkbuf_leaf_52_clk/X                     10     13     -3 (VIOLATED)
ReadData[0]                              10     12     -2 (VIOLATED)
_06173_/X                                10     12     -2 (VIOLATED)
_06292_/X                                10     12     -2 (VIOLATED)
_06512_/X                                10     12     -2 (VIOLATED)
_06516_/X                                10     12     -2 (VIOLATED)
_06674_/X                                10     12     -2 (VIOLATED)
_06684_/X                                10     12     -2 (VIOLATED)
_06690_/X                                10     12     -2 (VIOLATED)
_06739_/X                                10     12     -2 (VIOLATED)
_06786_/X                                10     12     -2 (VIOLATED)
_06805_/X                                10     12     -2 (VIOLATED)
_06907_/X                                10     12     -2 (VIOLATED)
_06941_/X                                10     12     -2 (VIOLATED)
_06956_/X                                10     12     -2 (VIOLATED)
_07109_/X                                10     12     -2 (VIOLATED)
_10025_/X                                10     12     -2 (VIOLATED)
_11069_/X                                10     12     -2 (VIOLATED)
_11128_/X                                10     12     -2 (VIOLATED)
_11621_/X                                10     12     -2 (VIOLATED)
clkbuf_leaf_101_clk/X                    10     12     -2 (VIOLATED)
clkbuf_leaf_2_clk/X                      10     12     -2 (VIOLATED)
clkbuf_leaf_67_clk/X                     10     12     -2 (VIOLATED)
Instr[8]                                 10     11        (VIOLATED)
ReadData[5]                              10     11        (VIOLATED)
_06295_/X                                10     11        (VIOLATED)
_06387_/X                                10     11        (VIOLATED)
_06413_/X                                10     11        (VIOLATED)
_06499_/X                                10     11        (VIOLATED)
_06501_/X                                10     11        (VIOLATED)
_06506_/X                                10     11        (VIOLATED)
_06566_/X                                10     11        (VIOLATED)
_06571_/X                                10     11        (VIOLATED)
_06572_/X                                10     11        (VIOLATED)
_06618_/X                                10     11        (VIOLATED)
_06624_/X                                10     11        (VIOLATED)
_06637_/X                                10     11        (VIOLATED)
_06699_/X                                10     11        (VIOLATED)
_06778_/X                                10     11        (VIOLATED)
_06790_/X                                10     11        (VIOLATED)
_06823_/X                                10     11        (VIOLATED)
_06848_/X                                10     11        (VIOLATED)
_06856_/X                                10     11        (VIOLATED)
_06887_/X                                10     11        (VIOLATED)
_06932_/X                                10     11        (VIOLATED)
_06980_/X                                10     11        (VIOLATED)
_07110_/X                                10     11        (VIOLATED)
_07255_/X                                10     11        (VIOLATED)
_09915_/X                                10     11        (VIOLATED)
_10093_/X                                10     11        (VIOLATED)
_10373_/X                                10     11        (VIOLATED)
_10379_/X                                10     11        (VIOLATED)
_10780_/X                                10     11        (VIOLATED)
_11547_/X                                10     11        (VIOLATED)
_11753_/X                                10     11        (VIOLATED)
_12153_/X                                10     11        (VIOLATED)
clkbuf_4_4_0_clk/X                       10     11        (VIOLATED)
clkbuf_4_7_0_clk/X                       10     11        (VIOLATED)
clkbuf_4_8_0_clk/X                       10     11        (VIOLATED)
clkbuf_leaf_108_clk/X                    10     11        (VIOLATED)
clkbuf_leaf_113_clk/X                    10     11        (VIOLATED)
clkbuf_leaf_116_clk/X                    10     11        (VIOLATED)
clkbuf_leaf_150_clk/X                    10     11        (VIOLATED)
clkbuf_leaf_33_clk/X                     10     11        (VIOLATED)
clkbuf_leaf_37_clk/X                     10     11        (VIOLATED)
clkbuf_leaf_50_clk/X                     10     11        (VIOLATED)
clkbuf_leaf_51_clk/X                     10     11        (VIOLATED)
clkbuf_leaf_57_clk/X                     10     11        (VIOLATED)
clkbuf_leaf_71_clk/X                     10     11        (VIOLATED)



===========================================================================
report_parasitic_annotation -report_unannotated
============================================================================
Found 0 unannotated drivers.
Found 0 partially unannotated drivers.

===========================================================================
max slew violation count 237
max fanout violation count 105
max cap violation count 0
============================================================================

===========================================================================
check_setup -verbose -unconstrained_endpoints -multiple_clock -no_clock -no_input_delay -loops -generated_clocks
===========================================================================
