
===========================================================================
 report_power
============================================================================
======================= Fastest Corner ===================================

Group                  Internal  Switching    Leakage      Total
                          Power      Power      Power      Power (Watts)
----------------------------------------------------------------
Sequential             2.92e-03   5.54e-04   1.83e-07   3.48e-03  35.6%
Combinational          3.17e-03   3.12e-03   9.38e-08   6.29e-03  64.4%
Macro                  0.00e+00   0.00e+00   0.00e+00   0.00e+00   0.0%
Pad                    0.00e+00   0.00e+00   0.00e+00   0.00e+00   0.0%
----------------------------------------------------------------
Total                  6.09e-03   3.67e-03   2.77e-07   9.76e-03 100.0%
                          62.4%      37.6%       0.0%

======================= Slowest Corner ===================================

Group                  Internal  Switching    Leakage      Total
                          Power      Power      Power      Power (Watts)
----------------------------------------------------------------
Sequential             1.98e-03   3.63e-04   1.57e-05   2.36e-03  35.2%
Combinational          2.26e-03   2.05e-03   3.93e-05   4.35e-03  64.8%
Macro                  0.00e+00   0.00e+00   0.00e+00   0.00e+00   0.0%
Pad                    0.00e+00   0.00e+00   0.00e+00   0.00e+00   0.0%
----------------------------------------------------------------
Total                  4.24e-03   2.41e-03   5.50e-05   6.70e-03 100.0%
                          63.2%      36.0%       0.8%

======================= Typical Corner ===================================

Group                  Internal  Switching    Leakage      Total
                          Power      Power      Power      Power (Watts)
----------------------------------------------------------------
Sequential             2.53e-03   4.66e-04   1.77e-07   2.99e-03  35.5%
Combinational          2.80e-03   2.63e-03   4.62e-08   5.42e-03  64.5%
Macro                  0.00e+00   0.00e+00   0.00e+00   0.00e+00   0.0%
Pad                    0.00e+00   0.00e+00   0.00e+00   0.00e+00   0.0%
----------------------------------------------------------------
Total                  5.32e-03   3.10e-03   2.23e-07   8.42e-03 100.0%
                          63.2%      36.8%       0.0%

