
===========================================================================
 report_power
============================================================================
======================= Fastest Corner ===================================

Group                  Internal  Switching    Leakage      Total
                          Power      Power      Power      Power (Watts)
----------------------------------------------------------------
Sequential             2.92e-03   5.90e-04   1.83e-07   3.51e-03  35.1%
Combinational          3.17e-03   3.31e-03   9.38e-08   6.48e-03  64.9%
Macro                  0.00e+00   0.00e+00   0.00e+00   0.00e+00   0.0%
Pad                    0.00e+00   0.00e+00   0.00e+00   0.00e+00   0.0%
----------------------------------------------------------------
Total                  6.09e-03   3.90e-03   2.77e-07   9.99e-03 100.0%
                          61.0%      39.0%       0.0%

======================= Slowest Corner ===================================

Group                  Internal  Switching    Leakage      Total
                          Power      Power      Power      Power (Watts)
----------------------------------------------------------------
Sequential             1.98e-03   3.87e-04   1.57e-05   2.38e-03  34.7%
Combinational          2.26e-03   2.18e-03   3.93e-05   4.48e-03  65.3%
Macro                  0.00e+00   0.00e+00   0.00e+00   0.00e+00   0.0%
Pad                    0.00e+00   0.00e+00   0.00e+00   0.00e+00   0.0%
----------------------------------------------------------------
Total                  4.23e-03   2.57e-03   5.50e-05   6.86e-03 100.0%
                          61.8%      37.4%       0.8%

======================= Typical Corner ===================================

Group                  Internal  Switching    Leakage      Total
                          Power      Power      Power      Power (Watts)
----------------------------------------------------------------
Sequential             2.52e-03   4.96e-04   1.77e-07   3.02e-03  35.1%
Combinational          2.80e-03   2.80e-03   4.62e-08   5.59e-03  64.9%
Macro                  0.00e+00   0.00e+00   0.00e+00   0.00e+00   0.0%
Pad                    0.00e+00   0.00e+00   0.00e+00   0.00e+00   0.0%
----------------------------------------------------------------
Total                  5.32e-03   3.29e-03   2.23e-07   8.61e-03 100.0%
                          61.8%      38.2%       0.0%

