
73. Printing statistics.

=== top ===

   Number of wires:               7196
   Number of wire bits:           7351
   Number of public wires:        1062
   Number of public wire bits:    1217
   Number of memories:               0
   Number of memory bits:            0
   Number of processes:              0
   Number of cells:               7285
     sky130_fd_sc_hd__a2111o_2       1
     sky130_fd_sc_hd__a211o_2       56
     sky130_fd_sc_hd__a211oi_2      39
     sky130_fd_sc_hd__a21bo_2        1
     sky130_fd_sc_hd__a21boi_2       5
     sky130_fd_sc_hd__a21o_2        49
     sky130_fd_sc_hd__a21oi_2      144
     sky130_fd_sc_hd__a221o_2        6
     sky130_fd_sc_hd__a221oi_2       3
     sky130_fd_sc_hd__a22o_2        81
     sky130_fd_sc_hd__a22oi_2        7
     sky130_fd_sc_hd__a2bb2o_2      56
     sky130_fd_sc_hd__a2bb2oi_2      7
     sky130_fd_sc_hd__a311o_2        9
     sky130_fd_sc_hd__a311oi_2       1
     sky130_fd_sc_hd__a31o_2        80
     sky130_fd_sc_hd__a31oi_2       43
     sky130_fd_sc_hd__a32o_2        16
     sky130_fd_sc_hd__a41o_2         6
     sky130_fd_sc_hd__a41oi_2        1
     sky130_fd_sc_hd__and2_2        26
     sky130_fd_sc_hd__and2b_2      107
     sky130_fd_sc_hd__and3_2        82
     sky130_fd_sc_hd__and3b_2        1
     sky130_fd_sc_hd__and4_2        36
     sky130_fd_sc_hd__and4b_2       14
     sky130_fd_sc_hd__and4bb_2       2
     sky130_fd_sc_hd__buf_1       1510
     sky130_fd_sc_hd__dfrtp_2       32
     sky130_fd_sc_hd__dfxtp_2     1024
     sky130_fd_sc_hd__inv_2        139
     sky130_fd_sc_hd__mux2_2       898
     sky130_fd_sc_hd__mux4_2       161
     sky130_fd_sc_hd__nand2_2      140
     sky130_fd_sc_hd__nand3_2      166
     sky130_fd_sc_hd__nand3b_2       6
     sky130_fd_sc_hd__nand4_2       36
     sky130_fd_sc_hd__nand4b_2       6
     sky130_fd_sc_hd__nor2_2       288
     sky130_fd_sc_hd__nor2b_2        3
     sky130_fd_sc_hd__nor3_2         6
     sky130_fd_sc_hd__nor3b_2        4
     sky130_fd_sc_hd__nor4_2         6
     sky130_fd_sc_hd__nor4b_2        1
     sky130_fd_sc_hd__o2111a_2       4
     sky130_fd_sc_hd__o2111ai_2      5
     sky130_fd_sc_hd__o211a_2      147
     sky130_fd_sc_hd__o211ai_2     422
     sky130_fd_sc_hd__o21a_2       139
     sky130_fd_sc_hd__o21ai_2      485
     sky130_fd_sc_hd__o21ba_2       39
     sky130_fd_sc_hd__o21bai_2      53
     sky130_fd_sc_hd__o221a_2       19
     sky130_fd_sc_hd__o221ai_2      40
     sky130_fd_sc_hd__o22a_2         6
     sky130_fd_sc_hd__o22ai_2       24
     sky130_fd_sc_hd__o2bb2a_2       6
     sky130_fd_sc_hd__o2bb2ai_2     15
     sky130_fd_sc_hd__o311a_2       38
     sky130_fd_sc_hd__o311ai_2      76
     sky130_fd_sc_hd__o31a_2        12
     sky130_fd_sc_hd__o31ai_2        7
     sky130_fd_sc_hd__o32a_2         4
     sky130_fd_sc_hd__o32ai_2        3
     sky130_fd_sc_hd__o41a_2        14
     sky130_fd_sc_hd__or2_2        201
     sky130_fd_sc_hd__or2b_2       110
     sky130_fd_sc_hd__or3_2         17
     sky130_fd_sc_hd__or3b_2        15
     sky130_fd_sc_hd__or4_2         17
     sky130_fd_sc_hd__or4b_2        23
     sky130_fd_sc_hd__or4bb_2        3
     sky130_fd_sc_hd__xnor2_2       22
     sky130_fd_sc_hd__xor2_2        14

   Chip area for module '\top': 76627.241600

