Sun Dec 28 22:18:08 UTC 2025 - Executing "openroad -exit -no_init -python /openlane/scripts/odbpy/lefutil.py get_metal_layers -o /openlane/designs/riscvcpu/runs/RUN_2025.12.28_22.18.08/tmp/layers.list /home/demeil/.ciel/sky130A/libs.ref/sky130_fd_sc_hd/techlef/sky130_fd_sc_hd__nom.tlef"

Sun Dec 28 22:18:09 UTC 2025 - Executing "/openlane/scripts/mergeLef.py -o /openlane/designs/riscvcpu/runs/RUN_2025.12.28_22.18.08/tmp/merged.nom.lef -i /home/demeil/.ciel/sky130A/libs.ref/sky130_fd_sc_hd/techlef/sky130_fd_sc_hd__nom.tlef {/home/demeil/.ciel/sky130A/libs.ref/sky130_fd_sc_hd/lef/sky130_fd_sc_hd.lef /home/demeil/.ciel/sky130A/libs.ref/sky130_fd_sc_hd/lef/sky130_ef_sc_hd.lef} |& tee /dev/null"

Sun Dec 28 22:18:09 UTC 2025 - Executing "/openlane/scripts/mergeLef.py -o /openlane/designs/riscvcpu/runs/RUN_2025.12.28_22.18.08/tmp/merged.min.lef -i /home/demeil/.ciel/sky130A/libs.ref/sky130_fd_sc_hd/techlef/sky130_fd_sc_hd__min.tlef {/home/demeil/.ciel/sky130A/libs.ref/sky130_fd_sc_hd/lef/sky130_fd_sc_hd.lef /home/demeil/.ciel/sky130A/libs.ref/sky130_fd_sc_hd/lef/sky130_ef_sc_hd.lef} |& tee /dev/null"

Sun Dec 28 22:18:09 UTC 2025 - Executing "/openlane/scripts/mergeLef.py -o /openlane/designs/riscvcpu/runs/RUN_2025.12.28_22.18.08/tmp/merged.max.lef -i /home/demeil/.ciel/sky130A/libs.ref/sky130_fd_sc_hd/techlef/sky130_fd_sc_hd__max.tlef {/home/demeil/.ciel/sky130A/libs.ref/sky130_fd_sc_hd/lef/sky130_fd_sc_hd.lef /home/demeil/.ciel/sky130A/libs.ref/sky130_fd_sc_hd/lef/sky130_ef_sc_hd.lef} |& tee /dev/null"

Sun Dec 28 22:18:09 UTC 2025 - Executing "python3 /openlane/scripts/mergeLib.py --output /openlane/designs/riscvcpu/runs/RUN_2025.12.28_22.18.08/tmp/synthesis/merged.lib --name sky130A_merged /home/demeil/.ciel/sky130A/libs.ref/sky130_fd_sc_hd/lib/sky130_fd_sc_hd__tt_025C_1v80.lib"

Sun Dec 28 22:18:10 UTC 2025 - Executing "python3 /openlane/scripts/libtrim.py --cell-file /openlane/designs/riscvcpu/runs/RUN_2025.12.28_22.18.08/tmp/synthesis/trimmed.lib.exclude.list --output /openlane/designs/riscvcpu/runs/RUN_2025.12.28_22.18.08/tmp/synthesis/trimmed.lib /openlane/designs/riscvcpu/runs/RUN_2025.12.28_22.18.08/tmp/synthesis/merged.lib"

Sun Dec 28 22:18:10 UTC 2025 - Executing "python3 /openlane/scripts/libtrim.py --cell-file /openlane/designs/riscvcpu/runs/RUN_2025.12.28_22.18.08/tmp/cts/cts.lib.exclude.list --output /openlane/designs/riscvcpu/runs/RUN_2025.12.28_22.18.08/tmp/cts/cts.lib /home/demeil/.ciel/sky130A/libs.ref/sky130_fd_sc_hd/lib/sky130_fd_sc_hd__tt_025C_1v80.lib"

Sun Dec 28 22:18:10 UTC 2025 - Executing "python3 /openlane/scripts/libtrim.py --cell-file /openlane/designs/riscvcpu/runs/RUN_2025.12.28_22.18.08/tmp/cts/cts-fastest.lib.exclude.list --output /openlane/designs/riscvcpu/runs/RUN_2025.12.28_22.18.08/tmp/cts/cts-fastest.lib /home/demeil/.ciel/sky130A/libs.ref/sky130_fd_sc_hd/lib/sky130_fd_sc_hd__ff_n40C_1v95.lib"

Sun Dec 28 22:18:11 UTC 2025 - Executing "python3 /openlane/scripts/libtrim.py --cell-file /openlane/designs/riscvcpu/runs/RUN_2025.12.28_22.18.08/tmp/cts/cts-slowest.lib.exclude.list --output /openlane/designs/riscvcpu/runs/RUN_2025.12.28_22.18.08/tmp/cts/cts-slowest.lib /home/demeil/.ciel/sky130A/libs.ref/sky130_fd_sc_hd/lib/sky130_fd_sc_hd__ss_100C_1v60.lib"

Sun Dec 28 22:18:11 UTC 2025 - Executing "python3 /openlane/scripts/new_tracks.py -i /home/demeil/.ciel/sky130A/libs.tech/openlane/sky130_fd_sc_hd/tracks.info -o /openlane/designs/riscvcpu/runs/RUN_2025.12.28_22.18.08/tmp/routing/config.tracks"

Sun Dec 28 22:18:11 UTC 2025 - Executing "echo {OpenLane ff5509f65b17bfa4068d5336495ab1718987ff69} > /openlane/designs/riscvcpu/runs/RUN_2025.12.28_22.18.08/OPENLANE_COMMIT"

Sun Dec 28 22:18:11 UTC 2025 - Executing "bash -c {verilator  --lint-only  -Wall  --Wno-DECLFILENAME  --top-module top  /openlane/designs/riscvcpu/src/controller.sv /openlane/designs/riscvcpu/src/mux3x1.sv /openlane/designs/riscvcpu/src/top.sv /openlane/designs/riscvcpu/src/extendunit.sv /openlane/designs/riscvcpu/src/datapath.sv /openlane/designs/riscvcpu/src/resetflipflop.sv /openlane/designs/riscvcpu/src/regfile.sv /openlane/designs/riscvcpu/src/riscvsingle.sv /openlane/designs/riscvcpu/src/maindecoder.sv /openlane/designs/riscvcpu/src/alu.sv /openlane/designs/riscvcpu/src/mux2x1.sv /openlane/designs/riscvcpu/src/adder.sv /openlane/designs/riscvcpu/src/aludecoder.sv -Wno-fatal --relative-includes |& tee /openlane/designs/riscvcpu/runs/RUN_2025.12.28_22.18.08/logs/synthesis/linter.log /dev/null}"

Sun Dec 28 22:18:11 UTC 2025 - Executing "sed -E {s/^([[:space:]]+)pg_pin(.*)/\1pin\2\n\1    direction : "inout";/g} /home/demeil/.ciel/sky130A/libs.ref/sky130_fd_sc_hd/lib/sky130_fd_sc_hd__tt_025C_1v80.lib > /openlane/designs/riscvcpu/runs/RUN_2025.12.28_22.18.08/tmp/synthesis/1-sky130_fd_sc_hd__tt_025C_1v80.no_pg.lib"

Sun Dec 28 22:18:12 UTC 2025 - Executing "sed -E {s/^([[:space:]]+)pg_pin(.*)/\1pin\2\n\1    direction : "inout";/g} /openlane/designs/riscvcpu/runs/RUN_2025.12.28_22.18.08/tmp/synthesis/trimmed.lib > /openlane/designs/riscvcpu/runs/RUN_2025.12.28_22.18.08/tmp/synthesis/1-trimmed.no_pg.lib"

Sun Dec 28 22:18:12 UTC 2025 - Executing "yosys -c /openlane/scripts/yosys/synth.tcl |& tee /dev/null /openlane/designs/riscvcpu/runs/RUN_2025.12.28_22.18.08/logs/synthesis/1-synthesis.log"

Sun Dec 28 22:18:20 UTC 2025 - Executing "sed -i.bak -e {s/\(set ::env(CURRENT_NETLIST)\).*/\1 \/openlane\/designs\/riscvcpu\/runs\/RUN_2025.12.28_22.18.08\/results\/synthesis\/top.v/} /openlane/designs/riscvcpu/runs/RUN_2025.12.28_22.18.08/config.tcl"

Sun Dec 28 22:18:20 UTC 2025 - Executing "sed -i.bak /defparam/d /openlane/designs/riscvcpu/runs/RUN_2025.12.28_22.18.08/results/synthesis/top.v"

Sun Dec 28 22:18:21 UTC 2025 - Executing "sta -exit -no_init /openlane/scripts/openroad/sta/multi_corner.tcl |& tee /dev/null /openlane/designs/riscvcpu/runs/RUN_2025.12.28_22.18.08/logs/synthesis/2-sta.log"

Sun Dec 28 22:18:23 UTC 2025 - Executing "openroad -exit /openlane/scripts/openroad/floorplan.tcl |& tee /dev/null /openlane/designs/riscvcpu/runs/RUN_2025.12.28_22.18.08/logs/floorplan/3-initial_fp.log"

Sun Dec 28 22:18:24 UTC 2025 - Executing "openroad -exit -no_init -python /openlane/scripts/odbpy/defutil.py extract_core_dims --output-data /openlane/designs/riscvcpu/runs/RUN_2025.12.28_22.18.08/tmp/dimensions.txt --input-lef /openlane/designs/riscvcpu/runs/RUN_2025.12.28_22.18.08/tmp/merged.nom.lef /openlane/designs/riscvcpu/runs/RUN_2025.12.28_22.18.08/tmp/floorplan/3-initial_fp.def"

Sun Dec 28 22:18:25 UTC 2025 - Executing "openroad -exit /openlane/scripts/openroad/ioplacer.tcl |& tee /dev/null /openlane/designs/riscvcpu/runs/RUN_2025.12.28_22.18.08/logs/floorplan/4-io.log"

Sun Dec 28 22:18:25 UTC 2025 - Executing "openroad -exit /openlane/scripts/openroad/tapcell.tcl |& tee /dev/null /openlane/designs/riscvcpu/runs/RUN_2025.12.28_22.18.08/logs/floorplan/5-tap.log"

Sun Dec 28 22:18:26 UTC 2025 - Executing "openroad -exit /openlane/scripts/openroad/pdn.tcl |& tee /dev/null /openlane/designs/riscvcpu/runs/RUN_2025.12.28_22.18.08/logs/floorplan/6-pdn.log"

Sun Dec 28 22:18:27 UTC 2025 - Executing "openroad -exit /openlane/scripts/openroad/gpl.tcl |& tee /dev/null /openlane/designs/riscvcpu/runs/RUN_2025.12.28_22.18.08/logs/placement/7-global.log"

Sun Dec 28 22:18:46 UTC 2025 - Executing "sed -i.bak -e {s/\(set ::env(CURRENT_NETLIST)\).*/\1 \/openlane\/designs\/riscvcpu\/runs\/RUN_2025.12.28_22.18.08\/tmp\/placement\/7-global.nl.v/} /openlane/designs/riscvcpu/runs/RUN_2025.12.28_22.18.08/config.tcl"

Sun Dec 28 22:18:47 UTC 2025 - Executing "openroad -exit /openlane/scripts/openroad/sta/multi_corner.tcl |& tee /dev/null /openlane/designs/riscvcpu/runs/RUN_2025.12.28_22.18.08/logs/placement/8-gpl_sta.log"

Sun Dec 28 22:18:50 UTC 2025 - Executing "openroad -exit /openlane/scripts/openroad/dpl.tcl |& tee /dev/null /openlane/designs/riscvcpu/runs/RUN_2025.12.28_22.18.08/logs/placement/9-detailed.log"

Sun Dec 28 22:18:51 UTC 2025 - Executing "sed -i.bak -e {s/\(set ::env(CURRENT_NETLIST)\).*/\1 \/openlane\/designs\/riscvcpu\/runs\/RUN_2025.12.28_22.18.08\/results\/placement\/top.nl.v/} /openlane/designs/riscvcpu/runs/RUN_2025.12.28_22.18.08/config.tcl"

Sun Dec 28 22:18:51 UTC 2025 - Executing "openroad -exit /openlane/scripts/openroad/sta/multi_corner.tcl |& tee /dev/null /openlane/designs/riscvcpu/runs/RUN_2025.12.28_22.18.08/logs/placement/10-dpl_sta.log"

Sun Dec 28 22:18:54 UTC 2025 - Executing "openroad -exit /openlane/scripts/openroad/cts.tcl |& tee /dev/null /openlane/designs/riscvcpu/runs/RUN_2025.12.28_22.18.08/logs/cts/11-cts.log"

Sun Dec 28 22:19:37 UTC 2025 - Executing "openroad -exit /openlane/scripts/openroad/sta/multi_corner.tcl |& tee /dev/null /openlane/designs/riscvcpu/runs/RUN_2025.12.28_22.18.08/logs/cts/12-cts_sta.log"

Sun Dec 28 22:19:45 UTC 2025 - Executing "openroad -exit /openlane/scripts/openroad/resizer_timing.tcl |& tee /dev/null /openlane/designs/riscvcpu/runs/RUN_2025.12.28_22.18.08/logs/cts/13-resizer.log"

Sun Dec 28 22:20:28 UTC 2025 - Executing "sed -i.bak -e {s/\(set ::env(CURRENT_NETLIST)\).*/\1 \/openlane\/designs\/riscvcpu\/runs\/RUN_2025.12.28_22.18.08\/tmp\/cts\/13-top.resized.nl.v/} /openlane/designs/riscvcpu/runs/RUN_2025.12.28_22.18.08/config.tcl"

Sun Dec 28 22:20:28 UTC 2025 - Executing "openroad -exit /openlane/scripts/openroad/resizer_routing_design.tcl |& tee /dev/null /openlane/designs/riscvcpu/runs/RUN_2025.12.28_22.18.08/logs/routing/14-resizer_design.log"

Sun Dec 28 22:21:22 UTC 2025 - Executing "sed -i.bak -e {s/\(set ::env(CURRENT_NETLIST)\).*/\1 \/openlane\/designs\/riscvcpu\/runs\/RUN_2025.12.28_22.18.08\/tmp\/14-top.nl.v/} /openlane/designs/riscvcpu/runs/RUN_2025.12.28_22.18.08/config.tcl"

Sun Dec 28 22:21:22 UTC 2025 - Executing "openroad -exit /openlane/scripts/openroad/sta/multi_corner.tcl |& tee /dev/null /openlane/designs/riscvcpu/runs/RUN_2025.12.28_22.18.08/logs/routing/15-rsz_design_sta.log"

Sun Dec 28 22:21:30 UTC 2025 - Executing "openroad -exit /openlane/scripts/openroad/resizer_routing_timing.tcl |& tee /dev/null /openlane/designs/riscvcpu/runs/RUN_2025.12.28_22.18.08/logs/routing/16-resizer_timing.log"

Sun Dec 28 22:21:35 UTC 2025 - Executing "sed -i.bak -e {s/\(set ::env(CURRENT_NETLIST)\).*/\1 \/openlane\/designs\/riscvcpu\/runs\/RUN_2025.12.28_22.18.08\/tmp\/16-top.nl.v/} /openlane/designs/riscvcpu/runs/RUN_2025.12.28_22.18.08/config.tcl"

Sun Dec 28 22:21:36 UTC 2025 - Executing "openroad -exit /openlane/scripts/openroad/sta/multi_corner.tcl |& tee /dev/null /openlane/designs/riscvcpu/runs/RUN_2025.12.28_22.18.08/logs/routing/17-rsz_timing_sta.log"

Sun Dec 28 22:21:44 UTC 2025 - Executing "openroad -exit /openlane/scripts/openroad/groute.tcl |& tee /dev/null /openlane/designs/riscvcpu/runs/RUN_2025.12.28_22.18.08/logs/routing/18-global.log"

Sun Dec 28 22:21:49 UTC 2025 - Executing "openroad -exit /openlane/scripts/openroad/write_views.tcl |& tee /dev/null /openlane/designs/riscvcpu/runs/RUN_2025.12.28_22.18.08/logs/routing/18-global_write_netlist.log"

Sun Dec 28 22:21:49 UTC 2025 - Executing "sed -i.bak -e {s/\(set ::env(CURRENT_NETLIST)\).*/\1 \/openlane\/designs\/riscvcpu\/runs\/RUN_2025.12.28_22.18.08\/tmp\/routing\/global.nl.v/} /openlane/designs/riscvcpu/runs/RUN_2025.12.28_22.18.08/config.tcl"

Sun Dec 28 22:21:49 UTC 2025 - Executing "openroad -exit /openlane/scripts/openroad/sta/multi_corner.tcl |& tee /dev/null /openlane/designs/riscvcpu/runs/RUN_2025.12.28_22.18.08/logs/routing/20-grt_sta.log"

Sun Dec 28 22:21:53 UTC 2025 - Executing "openroad -exit /openlane/scripts/openroad/fill.tcl |& tee /dev/null /openlane/designs/riscvcpu/runs/RUN_2025.12.28_22.18.08/logs/routing/21-fill.log"

Sun Dec 28 22:21:54 UTC 2025 - Executing "sed -i.bak -e {s/\(set ::env(CURRENT_NETLIST)\).*/\1 \/openlane\/designs\/riscvcpu\/runs\/RUN_2025.12.28_22.18.08\/tmp\/routing\/21-fill.nl.v/} /openlane/designs/riscvcpu/runs/RUN_2025.12.28_22.18.08/config.tcl"

Sun Dec 28 22:21:54 UTC 2025 - Executing "openroad -exit /openlane/scripts/openroad/droute.tcl |& tee /dev/null /openlane/designs/riscvcpu/runs/RUN_2025.12.28_22.18.08/logs/routing/22-detailed.log"

Sun Dec 28 22:33:03 UTC 2025 - Executing "sed -i.bak -e {s/\(set ::env(CURRENT_NETLIST)\).*/\1 \/openlane\/designs\/riscvcpu\/runs\/RUN_2025.12.28_22.18.08\/results\/routing\/top.nl.v/} /openlane/designs/riscvcpu/runs/RUN_2025.12.28_22.18.08/config.tcl"

Sun Dec 28 22:33:03 UTC 2025 - Executing "python3 /openlane/scripts/drc_rosetta.py tr to_klayout -o /openlane/designs/riscvcpu/runs/RUN_2025.12.28_22.18.08/reports/routing/drt.klayout.xml --design-name top /openlane/designs/riscvcpu/runs/RUN_2025.12.28_22.18.08/reports/routing/drt.drc"

Sun Dec 28 22:33:03 UTC 2025 - Executing "openroad -exit -no_init -python /openlane/scripts/odbpy/wire_lengths.py --report-out /openlane/designs/riscvcpu/runs/RUN_2025.12.28_22.18.08/reports/routing/23-wire_lengths.csv --input-lef /openlane/designs/riscvcpu/runs/RUN_2025.12.28_22.18.08/tmp/merged.nom.lef --output-def /dev/null --output /openlane/designs/riscvcpu/runs/RUN_2025.12.28_22.18.08/results/routing/top.odb /openlane/designs/riscvcpu/runs/RUN_2025.12.28_22.18.08/results/routing/top.odb |& tee /dev/null /openlane/designs/riscvcpu/runs/RUN_2025.12.28_22.18.08/logs/routing/23-wire_lengths.log"

Sun Dec 28 22:33:04 UTC 2025 - Executing "openroad -exit /openlane/scripts/openroad/rcx.tcl |& tee /dev/null /openlane/designs/riscvcpu/runs/RUN_2025.12.28_22.18.08/logs/signoff/24-parasitics_extraction.min.log"

Sun Dec 28 22:33:09 UTC 2025 - Executing "sta -exit -no_init /openlane/scripts/openroad/sta/multi_corner.tcl |& tee /dev/null /openlane/designs/riscvcpu/runs/RUN_2025.12.28_22.18.08/logs/signoff/25-rcx_mcsta.min.log"

Sun Dec 28 22:33:54 UTC 2025 - Executing "openroad -exit /openlane/scripts/openroad/rcx.tcl |& tee /dev/null /openlane/designs/riscvcpu/runs/RUN_2025.12.28_22.18.08/logs/signoff/26-parasitics_extraction.max.log"

Sun Dec 28 22:33:58 UTC 2025 - Executing "sta -exit -no_init /openlane/scripts/openroad/sta/multi_corner.tcl |& tee /dev/null /openlane/designs/riscvcpu/runs/RUN_2025.12.28_22.18.08/logs/signoff/27-rcx_mcsta.max.log"

Sun Dec 28 22:34:45 UTC 2025 - Executing "openroad -exit /openlane/scripts/openroad/rcx.tcl |& tee /dev/null /openlane/designs/riscvcpu/runs/RUN_2025.12.28_22.18.08/logs/signoff/28-parasitics_extraction.nom.log"

Sun Dec 28 22:34:50 UTC 2025 - Executing "sta -exit -no_init /openlane/scripts/openroad/sta/multi_corner.tcl |& tee /dev/null /openlane/designs/riscvcpu/runs/RUN_2025.12.28_22.18.08/logs/signoff/29-rcx_mcsta.nom.log"

Sun Dec 28 22:35:35 UTC 2025 - Executing "sta -exit -no_init /openlane/scripts/openroad/sta/multi_corner.tcl |& tee /dev/null /openlane/designs/riscvcpu/runs/RUN_2025.12.28_22.18.08/logs/signoff/30-rcx_sta.log"

Sun Dec 28 22:35:45 UTC 2025 - Executing "openroad -exit /openlane/scripts/openroad/irdrop.tcl |& tee /dev/null /openlane/designs/riscvcpu/runs/RUN_2025.12.28_22.18.08/logs/signoff/31-irdrop.log"

Sun Dec 28 22:35:49 UTC 2025 - Executing "magic -noconsole -dnull -rcfile /home/demeil/.ciel/sky130A/libs.tech/magic/sky130A.magicrc < /openlane/scripts/magic/wrapper.tcl |& tee /dev/null /openlane/designs/riscvcpu/runs/RUN_2025.12.28_22.18.08/logs/signoff/32-gdsii.log"

Sun Dec 28 22:35:58 UTC 2025 - Executing "magic -noconsole -dnull -rcfile /home/demeil/.ciel/sky130A/libs.tech/magic/sky130A.magicrc < /openlane/scripts/magic/wrapper.tcl |& tee /dev/null /openlane/designs/riscvcpu/runs/RUN_2025.12.28_22.18.08/logs/signoff/32-gds_ptrs.log"

Sun Dec 28 22:36:04 UTC 2025 - Executing "sed -i.bak -n {/^<< properties >>/,/^<< end >>/p} /openlane/designs/riscvcpu/runs/RUN_2025.12.28_22.18.08/tmp/signoff/gds_ptrs.mag"

Sun Dec 28 22:36:04 UTC 2025 - Executing "magic -noconsole -dnull -rcfile /home/demeil/.ciel/sky130A/libs.tech/magic/sky130A.magicrc < /openlane/scripts/magic/wrapper.tcl |& tee /dev/null /openlane/designs/riscvcpu/runs/RUN_2025.12.28_22.18.08/logs/signoff/32-lef.log"

Sun Dec 28 22:36:14 UTC 2025 - Executing "magic -noconsole -dnull -rcfile /home/demeil/.ciel/sky130A/libs.tech/magic/sky130A.magicrc < /openlane/scripts/magic/wrapper.tcl |& tee /dev/null /openlane/designs/riscvcpu/runs/RUN_2025.12.28_22.18.08/logs/signoff/32-maglef.log"

Sun Dec 28 22:36:15 UTC 2025 - Executing "python3 /openlane/scripts/klayout/stream_out.py --output /openlane/designs/riscvcpu/runs/RUN_2025.12.28_22.18.08/results/signoff/top.klayout.gds --lyt /home/demeil/.ciel/sky130A/libs.tech/klayout/tech/sky130A.lyt --lym /home/demeil/.ciel/sky130A/libs.tech/klayout/tech/sky130A.map --lyp /home/demeil/.ciel/sky130A/libs.tech/klayout/tech/sky130A.lyp --top top --with-gds-file /home/demeil/.ciel/sky130A/libs.ref/sky130_fd_sc_hd/gds/sky130_fd_sc_hd.gds --input-lef /openlane/designs/riscvcpu/runs/RUN_2025.12.28_22.18.08/tmp/merged.nom.lef /openlane/designs/riscvcpu/runs/RUN_2025.12.28_22.18.08/results/routing/top.def |& tee /dev/null /openlane/designs/riscvcpu/runs/RUN_2025.12.28_22.18.08/logs/signoff/33-gdsii-klayout.log"

Sun Dec 28 22:36:18 UTC 2025 - Executing "klayout -b -r /openlane/scripts/klayout/xor.drc -rd a=/openlane/designs/riscvcpu/runs/RUN_2025.12.28_22.18.08/results/signoff/top.gds -rd b=/openlane/designs/riscvcpu/runs/RUN_2025.12.28_22.18.08/results/signoff/top.klayout.gds -rd jobs=1 -rd rdb_out=/openlane/designs/riscvcpu/runs/RUN_2025.12.28_22.18.08/reports/signoff/34-xor.xml -rd ignore=81/14 -rd rpt_out=/openlane/designs/riscvcpu/runs/RUN_2025.12.28_22.18.08/reports/signoff/34-xor.rpt |& tee /dev/null /openlane/designs/riscvcpu/runs/RUN_2025.12.28_22.18.08/logs/signoff/34-xor.log"

Sun Dec 28 22:36:37 UTC 2025 - Executing "magic -noconsole -dnull -rcfile /home/demeil/.ciel/sky130A/libs.tech/magic/sky130A.magicrc < /openlane/scripts/magic/wrapper.tcl |& tee /dev/null /openlane/designs/riscvcpu/runs/RUN_2025.12.28_22.18.08/logs/signoff/35-spice.log"

Sun Dec 28 22:36:55 UTC 2025 - Executing "openroad -exit -no_init -python /openlane/scripts/odbpy/power_utils.py write_powered_def --output /openlane/designs/riscvcpu/runs/RUN_2025.12.28_22.18.08/tmp/signoff/35-top.p.def --input-lef /openlane/designs/riscvcpu/runs/RUN_2025.12.28_22.18.08/tmp/merged.nom.lef --power-port VPWR --ground-port VGND --powered-netlist {} /openlane/designs/riscvcpu/runs/RUN_2025.12.28_22.18.08/results/routing/top.def |& tee /dev/null /openlane/designs/riscvcpu/runs/RUN_2025.12.28_22.18.08/logs/signoff/36-write_powered_def.log"

Sun Dec 28 22:36:57 UTC 2025 - Executing "openroad -exit /openlane/scripts/openroad/write_views.tcl |& tee /dev/null /openlane/designs/riscvcpu/runs/RUN_2025.12.28_22.18.08/logs/signoff/36-write_powered_verilog.log"

Sun Dec 28 22:36:59 UTC 2025 - Executing "sed -i.bak -e {s/\(set ::env(CURRENT_NETLIST)\).*/\1 \/openlane\/designs\/riscvcpu\/runs\/RUN_2025.12.28_22.18.08\/tmp\/signoff\/35-top.nl.v/} /openlane/designs/riscvcpu/runs/RUN_2025.12.28_22.18.08/config.tcl"

Sun Dec 28 22:36:59 UTC 2025 - Executing "netgen -batch source /openlane/designs/riscvcpu/runs/RUN_2025.12.28_22.18.08/tmp/signoff/38-setup_file.lef.lvs |& tee /dev/null /openlane/designs/riscvcpu/runs/RUN_2025.12.28_22.18.08/logs/signoff/38-lvs.lef.log"

Sun Dec 28 22:37:03 UTC 2025 - Executing "magic -noconsole -dnull -rcfile /home/demeil/.ciel/sky130A/libs.tech/magic/sky130A.magicrc < /openlane/scripts/magic/wrapper.tcl |& tee /dev/null /openlane/designs/riscvcpu/runs/RUN_2025.12.28_22.18.08/logs/signoff/39-drc.log"

Sun Dec 28 22:37:09 UTC 2025 - Executing "python3 /openlane/scripts/drc_rosetta.py magic to_tcl -o /openlane/designs/riscvcpu/runs/RUN_2025.12.28_22.18.08/reports/signoff/drc.tcl /openlane/designs/riscvcpu/runs/RUN_2025.12.28_22.18.08/reports/signoff/drc.rpt"

Sun Dec 28 22:37:09 UTC 2025 - Executing "python3 /openlane/scripts/drc_rosetta.py magic to_tr -o /openlane/designs/riscvcpu/runs/RUN_2025.12.28_22.18.08/reports/signoff/drc.tr /openlane/designs/riscvcpu/runs/RUN_2025.12.28_22.18.08/reports/signoff/drc.rpt"

Sun Dec 28 22:37:09 UTC 2025 - Executing "python3 /openlane/scripts/drc_rosetta.py tr to_klayout -o /openlane/designs/riscvcpu/runs/RUN_2025.12.28_22.18.08/reports/signoff/drc.klayout.xml --design-name top /openlane/designs/riscvcpu/runs/RUN_2025.12.28_22.18.08/reports/signoff/drc.tr"

Sun Dec 28 22:37:10 UTC 2025 - Executing "python3 /openlane/scripts/drc_rosetta.py magic to_rdb -o /openlane/designs/riscvcpu/runs/RUN_2025.12.28_22.18.08/reports/signoff/drc.rdb /openlane/designs/riscvcpu/runs/RUN_2025.12.28_22.18.08/reports/signoff/drc.rpt"

Sun Dec 28 22:37:10 UTC 2025 - Executing "openroad -exit /openlane/scripts/openroad/antenna_check.tcl |& tee /dev/null /openlane/designs/riscvcpu/runs/RUN_2025.12.28_22.18.08/logs/signoff/40-arc.log"

Sun Dec 28 22:37:13 UTC 2025 - Executing "python3 /openlane/scripts/extract_antenna_violators.py --output /openlane/designs/riscvcpu/runs/RUN_2025.12.28_22.18.08/reports/signoff/40-antenna_violators.rpt --plain-out /openlane/designs/riscvcpu/runs/RUN_2025.12.28_22.18.08/reports/signoff/40-antenna_violators_pins.txt /openlane/designs/riscvcpu/runs/RUN_2025.12.28_22.18.08/logs/signoff/40-arc.log"

Sun Dec 28 22:37:13 UTC 2025 - Executing "awk -v vdd=VPWR -v gnd=VGND -f /home/demeil/.ciel/sky130A/libs.tech/openlane/cvc/power.awk /openlane/designs/riscvcpu/runs/RUN_2025.12.28_22.18.08/tmp/signoff/35-top.nl.v > /openlane/designs/riscvcpu/runs/RUN_2025.12.28_22.18.08/tmp/signoff/top.power"

Sun Dec 28 22:37:13 UTC 2025 - Executing "awk -f /home/demeil/.ciel/sky130A/libs.tech/openlane/cvc/cdl.awk /home/demeil/.ciel/sky130A/libs.ref/sky130_fd_sc_hd/cdl/sky130_fd_sc_hd.cdl /openlane/designs/riscvcpu/runs/RUN_2025.12.28_22.18.08/results/signoff/top.lef.spice > /openlane/designs/riscvcpu/runs/RUN_2025.12.28_22.18.08/tmp/signoff/top.cdl"

Sun Dec 28 22:37:13 UTC 2025 - Executing "cvc_rv /home/demeil/.ciel/sky130A/libs.tech/openlane/cvc/cvcrc |& tee /dev/null /openlane/designs/riscvcpu/runs/RUN_2025.12.28_22.18.08/logs/signoff/41-erc_screen.log"

