OpenROAD 41a51eaf4ca2171c92ff38afb91eb37bbd3f36da 
This program is licensed under the BSD-3 license. See the LICENSE file for details.
Components of this program may be licensed under more restrictive licenses which must be honored.
[INFO]: Reading ODB at '/openlane/designs/riscvcpu/runs/RUN_2025.12.28_22.18.08/tmp/routing/18-global.odb'…
define_corners Typical
read_liberty -corner Typical /home/demeil/.ciel/sky130A/libs.ref/sky130_fd_sc_hd/lib/sky130_fd_sc_hd__tt_025C_1v80.lib
Using 1e-12 for capacitance...
Using 1e+03 for resistance...
Using 1e-09 for time...
Using 1e+00 for voltage...
Using 1e-03 for current...
Using 1e-09 for power...
Using 1e-06 for distance...
Reading design constraints file at '/openlane/designs/riscvcpu/runs/RUN_2025.12.28_22.18.08/tmp/16-top.sdc'…
[INFO DPL-0001] Placed 16249 filler instances.
Setting global connections for newly added cells…
Writing OpenROAD database to '/openlane/designs/riscvcpu/runs/RUN_2025.12.28_22.18.08/tmp/routing/21-fill.odb'…
Writing netlist to '/openlane/designs/riscvcpu/runs/RUN_2025.12.28_22.18.08/tmp/routing/21-fill.nl.v'…
Writing powered netlist to '/openlane/designs/riscvcpu/runs/RUN_2025.12.28_22.18.08/tmp/routing/21-fill.pnl.v'…
Writing layout to '/openlane/designs/riscvcpu/runs/RUN_2025.12.28_22.18.08/tmp/routing/21-fill.def'…
