OpenROAD 41a51eaf4ca2171c92ff38afb91eb37bbd3f36da 
This program is licensed under the BSD-3 license. See the LICENSE file for details.
Components of this program may be licensed under more restrictive licenses which must be honored.
[INFO]: Reading ODB at '/openlane/designs/riscvcpu/runs/RUN_2025.12.28_22.18.08/tmp/placement/7-global.odb'…
define_corners Typical
read_liberty -corner Typical /home/demeil/.ciel/sky130A/libs.ref/sky130_fd_sc_hd/lib/sky130_fd_sc_hd__tt_025C_1v80.lib
Using 1e-12 for capacitance...
Using 1e+03 for resistance...
Using 1e-09 for time...
Using 1e+00 for voltage...
Using 1e-03 for current...
Using 1e-09 for power...
Using 1e-06 for distance...
Reading design constraints file at '/openlane/designs/riscvcpu/runs/RUN_2025.12.28_22.18.08/tmp/floorplan/3-initial_fp.sdc'…
Placement Analysis
---------------------------------
total displacement      16997.4 u
average displacement        1.6 u
max displacement            9.3 u
original HPWL          368206.4 u
legalized HPWL         383877.4 u
delta HPWL                    4 %

[INFO DPL-0020] Mirrored 2476 instances
[INFO DPL-0021] HPWL before          383877.4 u
[INFO DPL-0022] HPWL after           379455.7 u
[INFO DPL-0023] HPWL delta               -1.2 %
Setting global connections for newly added cells…
Writing OpenROAD database to '/openlane/designs/riscvcpu/runs/RUN_2025.12.28_22.18.08/results/placement/top.odb'…
Writing netlist to '/openlane/designs/riscvcpu/runs/RUN_2025.12.28_22.18.08/results/placement/top.nl.v'…
Writing powered netlist to '/openlane/designs/riscvcpu/runs/RUN_2025.12.28_22.18.08/results/placement/top.pnl.v'…
Writing layout to '/openlane/designs/riscvcpu/runs/RUN_2025.12.28_22.18.08/results/placement/top.def'…
